[2023-10-29 01:28:57] production.ERROR: No application encryption key has been specified. {"exception":"[object] (Illuminate\\Encryption\\MissingAppKeyException(code: 0): No application encryption key has been specified. at /home/kahfi/plants-web/vendor/laravel/framework/src/Illuminate/Encryption/EncryptionServiceProvider.php:79)
[stacktrace]
#0 /home/kahfi/plants-web/vendor/laravel/framework/src/Illuminate/Support/helpers.php(307): Illuminate\\Encryption\\EncryptionServiceProvider->Illuminate\\Encryption\\{closure}()
#1 /home/kahfi/plants-web/vendor/laravel/framework/src/Illuminate/Encryption/EncryptionServiceProvider.php(77): tap()
#2 /home/kahfi/plants-web/vendor/laravel/framework/src/Illuminate/Encryption/EncryptionServiceProvider.php(60): Illuminate\\Encryption\\EncryptionServiceProvider->key()
#3 /home/kahfi/plants-web/vendor/laravel/framework/src/Illuminate/Encryption/EncryptionServiceProvider.php(32): Illuminate\\Encryption\\EncryptionServiceProvider->parseKey()
#4 /home/kahfi/plants-web/vendor/laravel/framework/src/Illuminate/Container/Container.php(908): Illuminate\\Encryption\\EncryptionServiceProvider->Illuminate\\Encryption\\{closure}()
#5 /home/kahfi/plants-web/vendor/laravel/framework/src/Illuminate/Container/Container.php(795): Illuminate\\Container\\Container->build()
#6 /home/kahfi/plants-web/vendor/laravel/framework/src/Illuminate/Foundation/Application.php(955): Illuminate\\Container\\Container->resolve()
#7 /home/kahfi/plants-web/vendor/laravel/framework/src/Illuminate/Container/Container.php(731): Illuminate\\Foundation\\Application->resolve()
#8 /home/kahfi/plants-web/vendor/laravel/framework/src/Illuminate/Foundation/Application.php(940): Illuminate\\Container\\Container->make()
#9 /home/kahfi/plants-web/vendor/laravel/framework/src/Illuminate/Container/Container.php(1066): Illuminate\\Foundation\\Application->make()
#10 /home/kahfi/plants-web/vendor/laravel/framework/src/Illuminate/Container/Container.php(982): Illuminate\\Container\\Container->resolveClass()
#11 /home/kahfi/plants-web/vendor/laravel/framework/src/Illuminate/Container/Container.php(943): Illuminate\\Container\\Container->resolveDependencies()
#12 /home/kahfi/plants-web/vendor/laravel/framework/src/Illuminate/Container/Container.php(795): Illuminate\\Container\\Container->build()
#13 /home/kahfi/plants-web/vendor/laravel/framework/src/Illuminate/Foundation/Application.php(955): Illuminate\\Container\\Container->resolve()
#14 /home/kahfi/plants-web/vendor/laravel/framework/src/Illuminate/Container/Container.php(731): Illuminate\\Foundation\\Application->resolve()
#15 /home/kahfi/plants-web/vendor/laravel/framework/src/Illuminate/Foundation/Application.php(940): Illuminate\\Container\\Container->make()
#16 /home/kahfi/plants-web/vendor/laravel/framework/src/Illuminate/Pipeline/Pipeline.php(169): Illuminate\\Foundation\\Application->make()
#17 /home/kahfi/plants-web/vendor/laravel/framework/src/Illuminate/Pipeline/Pipeline.php(116): Illuminate\\Pipeline\\Pipeline->Illuminate\\Pipeline\\{closure}()
#18 /home/kahfi/plants-web/vendor/laravel/framework/src/Illuminate/Routing/Router.php(798): Illuminate\\Pipeline\\Pipeline->then()
#19 /home/kahfi/plants-web/vendor/laravel/framework/src/Illuminate/Routing/Router.php(777): Illuminate\\Routing\\Router->runRouteWithinStack()
#20 /home/kahfi/plants-web/vendor/laravel/framework/src/Illuminate/Routing/Router.php(741): Illuminate\\Routing\\Router->runRoute()
#21 /home/kahfi/plants-web/vendor/laravel/framework/src/Illuminate/Routing/Router.php(730): Illuminate\\Routing\\Router->dispatchToRoute()
#22 /home/kahfi/plants-web/vendor/laravel/framework/src/Illuminate/Foundation/Http/Kernel.php(200): Illuminate\\Routing\\Router->dispatch()
#23 /home/kahfi/plants-web/vendor/laravel/framework/src/Illuminate/Pipeline/Pipeline.php(141): Illuminate\\Foundation\\Http\\Kernel->Illuminate\\Foundation\\Http\\{closure}()
#24 /home/kahfi/plants-web/vendor/livewire/livewire/src/Features/SupportDisablingBackButtonCache/DisableBackButtonCacheMiddleware.php(19): Illuminate\\Pipeline\\Pipeline->Illuminate\\Pipeline\\{closure}()
#25 /home/kahfi/plants-web/vendor/laravel/framework/src/Illuminate/Pipeline/Pipeline.php(180): Livewire\\Features\\SupportDisablingBackButtonCache\\DisableBackButtonCacheMiddleware->handle()
#26 /home/kahfi/plants-web/vendor/laravel/framework/src/Illuminate/Foundation/Http/Middleware/TransformsRequest.php(21): Illuminate\\Pipeline\\Pipeline->Illuminate\\Pipeline\\{closure}()
#27 /home/kahfi/plants-web/vendor/laravel/framework/src/Illuminate/Foundation/Http/Middleware/ConvertEmptyStringsToNull.php(31): Illuminate\\Foundation\\Http\\Middleware\\TransformsRequest->handle()
#28 /home/kahfi/plants-web/vendor/laravel/framework/src/Illuminate/Pipeline/Pipeline.php(180): Illuminate\\Foundation\\Http\\Middleware\\ConvertEmptyStringsToNull->handle()
#29 /home/kahfi/plants-web/vendor/laravel/framework/src/Illuminate/Foundation/Http/Middleware/TransformsRequest.php(21): Illuminate\\Pipeline\\Pipeline->Illuminate\\Pipeline\\{closure}()
#30 /home/kahfi/plants-web/vendor/laravel/framework/src/Illuminate/Foundation/Http/Middleware/TrimStrings.php(40): Illuminate\\Foundation\\Http\\Middleware\\TransformsRequest->handle()
#31 /home/kahfi/plants-web/vendor/laravel/framework/src/Illuminate/Pipeline/Pipeline.php(180): Illuminate\\Foundation\\Http\\Middleware\\TrimStrings->handle()
#32 /home/kahfi/plants-web/vendor/laravel/framework/src/Illuminate/Foundation/Http/Middleware/ValidatePostSize.php(27): Illuminate\\Pipeline\\Pipeline->Illuminate\\Pipeline\\{closure}()
#33 /home/kahfi/plants-web/vendor/laravel/framework/src/Illuminate/Pipeline/Pipeline.php(180): Illuminate\\Foundation\\Http\\Middleware\\ValidatePostSize->handle()
#34 /home/kahfi/plants-web/vendor/laravel/framework/src/Illuminate/Foundation/Http/Middleware/PreventRequestsDuringMaintenance.php(99): Illuminate\\Pipeline\\Pipeline->Illuminate\\Pipeline\\{closure}()
#35 /home/kahfi/plants-web/vendor/laravel/framework/src/Illuminate/Pipeline/Pipeline.php(180): Illuminate\\Foundation\\Http\\Middleware\\PreventRequestsDuringMaintenance->handle()
#36 /home/kahfi/plants-web/vendor/laravel/framework/src/Illuminate/Http/Middleware/HandleCors.php(49): Illuminate\\Pipeline\\Pipeline->Illuminate\\Pipeline\\{closure}()
#37 /home/kahfi/plants-web/vendor/laravel/framework/src/Illuminate/Pipeline/Pipeline.php(180): Illuminate\\Http\\Middleware\\HandleCors->handle()
#38 /home/kahfi/plants-web/vendor/laravel/framework/src/Illuminate/Http/Middleware/TrustProxies.php(39): Illuminate\\Pipeline\\Pipeline->Illuminate\\Pipeline\\{closure}()
#39 /home/kahfi/plants-web/vendor/laravel/framework/src/Illuminate/Pipeline/Pipeline.php(180): Illuminate\\Http\\Middleware\\TrustProxies->handle()
#40 /home/kahfi/plants-web/vendor/laravel/framework/src/Illuminate/Pipeline/Pipeline.php(116): Illuminate\\Pipeline\\Pipeline->Illuminate\\Pipeline\\{closure}()
#41 /home/kahfi/plants-web/vendor/laravel/framework/src/Illuminate/Foundation/Http/Kernel.php(175): Illuminate\\Pipeline\\Pipeline->then()
#42 /home/kahfi/plants-web/vendor/laravel/framework/src/Illuminate/Foundation/Http/Kernel.php(144): Illuminate\\Foundation\\Http\\Kernel->sendRequestThroughRouter()
#43 /home/kahfi/plants-web/public/index.php(51): Illuminate\\Foundation\\Http\\Kernel->handle()
#44 /home/kahfi/plants-web/vendor/laravel/framework/src/Illuminate/Foundation/resources/server.php(16): require_once('...')
#45 {main}
"} 
[2023-10-29 01:28:57] production.ERROR: No application encryption key has been specified. {"exception":"[object] (Illuminate\\Encryption\\MissingAppKeyException(code: 0): No application encryption key has been specified. at /home/kahfi/plants-web/vendor/laravel/framework/src/Illuminate/Encryption/EncryptionServiceProvider.php:79)
[stacktrace]
#0 /home/kahfi/plants-web/vendor/laravel/framework/src/Illuminate/Support/helpers.php(307): Illuminate\\Encryption\\EncryptionServiceProvider->Illuminate\\Encryption\\{closure}()
#1 /home/kahfi/plants-web/vendor/laravel/framework/src/Illuminate/Encryption/EncryptionServiceProvider.php(77): tap()
#2 /home/kahfi/plants-web/vendor/laravel/framework/src/Illuminate/Encryption/EncryptionServiceProvider.php(60): Illuminate\\Encryption\\EncryptionServiceProvider->key()
#3 /home/kahfi/plants-web/vendor/laravel/framework/src/Illuminate/Encryption/EncryptionServiceProvider.php(32): Illuminate\\Encryption\\EncryptionServiceProvider->parseKey()
#4 /home/kahfi/plants-web/vendor/laravel/framework/src/Illuminate/Container/Container.php(908): Illuminate\\Encryption\\EncryptionServiceProvider->Illuminate\\Encryption\\{closure}()
#5 /home/kahfi/plants-web/vendor/laravel/framework/src/Illuminate/Container/Container.php(795): Illuminate\\Container\\Container->build()
#6 /home/kahfi/plants-web/vendor/laravel/framework/src/Illuminate/Foundation/Application.php(955): Illuminate\\Container\\Container->resolve()
#7 /home/kahfi/plants-web/vendor/laravel/framework/src/Illuminate/Container/Container.php(731): Illuminate\\Foundation\\Application->resolve()
#8 /home/kahfi/plants-web/vendor/laravel/framework/src/Illuminate/Foundation/Application.php(940): Illuminate\\Container\\Container->make()
#9 /home/kahfi/plants-web/vendor/laravel/framework/src/Illuminate/Container/Container.php(1066): Illuminate\\Foundation\\Application->make()
#10 /home/kahfi/plants-web/vendor/laravel/framework/src/Illuminate/Container/Container.php(982): Illuminate\\Container\\Container->resolveClass()
#11 /home/kahfi/plants-web/vendor/laravel/framework/src/Illuminate/Container/Container.php(943): Illuminate\\Container\\Container->resolveDependencies()
#12 /home/kahfi/plants-web/vendor/laravel/framework/src/Illuminate/Container/Container.php(795): Illuminate\\Container\\Container->build()
#13 /home/kahfi/plants-web/vendor/laravel/framework/src/Illuminate/Foundation/Application.php(955): Illuminate\\Container\\Container->resolve()
#14 /home/kahfi/plants-web/vendor/laravel/framework/src/Illuminate/Container/Container.php(731): Illuminate\\Foundation\\Application->resolve()
#15 /home/kahfi/plants-web/vendor/laravel/framework/src/Illuminate/Foundation/Application.php(940): Illuminate\\Container\\Container->make()
#16 /home/kahfi/plants-web/vendor/laravel/framework/src/Illuminate/Foundation/Http/Kernel.php(255): Illuminate\\Foundation\\Application->make()
#17 /home/kahfi/plants-web/vendor/laravel/framework/src/Illuminate/Foundation/Http/Kernel.php(213): Illuminate\\Foundation\\Http\\Kernel->terminateMiddleware()
#18 /home/kahfi/plants-web/public/index.php(55): Illuminate\\Foundation\\Http\\Kernel->terminate()
#19 /home/kahfi/plants-web/vendor/laravel/framework/src/Illuminate/Foundation/resources/server.php(16): require_once('...')
#20 {main}
"} 
[2023-10-29 01:31:36] local.ERROR: No application encryption key has been specified. {"exception":"[object] (Illuminate\\Encryption\\MissingAppKeyException(code: 0): No application encryption key has been specified. at /home/kahfi/plants-web/vendor/laravel/framework/src/Illuminate/Encryption/EncryptionServiceProvider.php:79)
[stacktrace]
#0 /home/kahfi/plants-web/vendor/laravel/framework/src/Illuminate/Support/helpers.php(307): Illuminate\\Encryption\\EncryptionServiceProvider->Illuminate\\Encryption\\{closure}()
#1 /home/kahfi/plants-web/vendor/laravel/framework/src/Illuminate/Encryption/EncryptionServiceProvider.php(77): tap()
#2 /home/kahfi/plants-web/vendor/laravel/framework/src/Illuminate/Encryption/EncryptionServiceProvider.php(60): Illuminate\\Encryption\\EncryptionServiceProvider->key()
#3 /home/kahfi/plants-web/vendor/laravel/framework/src/Illuminate/Encryption/EncryptionServiceProvider.php(32): Illuminate\\Encryption\\EncryptionServiceProvider->parseKey()
#4 /home/kahfi/plants-web/vendor/laravel/framework/src/Illuminate/Container/Container.php(908): Illuminate\\Encryption\\EncryptionServiceProvider->Illuminate\\Encryption\\{closure}()
#5 /home/kahfi/plants-web/vendor/laravel/framework/src/Illuminate/Container/Container.php(795): Illuminate\\Container\\Container->build()
#6 /home/kahfi/plants-web/vendor/laravel/framework/src/Illuminate/Foundation/Application.php(955): Illuminate\\Container\\Container->resolve()
#7 /home/kahfi/plants-web/vendor/laravel/framework/src/Illuminate/Container/Container.php(731): Illuminate\\Foundation\\Application->resolve()
#8 /home/kahfi/plants-web/vendor/laravel/framework/src/Illuminate/Foundation/Application.php(940): Illuminate\\Container\\Container->make()
#9 /home/kahfi/plants-web/vendor/laravel/framework/src/Illuminate/Container/Container.php(1066): Illuminate\\Foundation\\Application->make()
#10 /home/kahfi/plants-web/vendor/laravel/framework/src/Illuminate/Container/Container.php(982): Illuminate\\Container\\Container->resolveClass()
#11 /home/kahfi/plants-web/vendor/laravel/framework/src/Illuminate/Container/Container.php(943): Illuminate\\Container\\Container->resolveDependencies()
#12 /home/kahfi/plants-web/vendor/laravel/framework/src/Illuminate/Container/Container.php(795): Illuminate\\Container\\Container->build()
#13 /home/kahfi/plants-web/vendor/laravel/framework/src/Illuminate/Foundation/Application.php(955): Illuminate\\Container\\Container->resolve()
#14 /home/kahfi/plants-web/vendor/laravel/framework/src/Illuminate/Container/Container.php(731): Illuminate\\Foundation\\Application->resolve()
#15 /home/kahfi/plants-web/vendor/laravel/framework/src/Illuminate/Foundation/Application.php(940): Illuminate\\Container\\Container->make()
#16 /home/kahfi/plants-web/vendor/laravel/framework/src/Illuminate/Pipeline/Pipeline.php(169): Illuminate\\Foundation\\Application->make()
#17 /home/kahfi/plants-web/vendor/laravel/framework/src/Illuminate/Pipeline/Pipeline.php(116): Illuminate\\Pipeline\\Pipeline->Illuminate\\Pipeline\\{closure}()
#18 /home/kahfi/plants-web/vendor/laravel/framework/src/Illuminate/Routing/Router.php(798): Illuminate\\Pipeline\\Pipeline->then()
#19 /home/kahfi/plants-web/vendor/laravel/framework/src/Illuminate/Routing/Router.php(777): Illuminate\\Routing\\Router->runRouteWithinStack()
#20 /home/kahfi/plants-web/vendor/laravel/framework/src/Illuminate/Routing/Router.php(741): Illuminate\\Routing\\Router->runRoute()
#21 /home/kahfi/plants-web/vendor/laravel/framework/src/Illuminate/Routing/Router.php(730): Illuminate\\Routing\\Router->dispatchToRoute()
#22 /home/kahfi/plants-web/vendor/laravel/framework/src/Illuminate/Foundation/Http/Kernel.php(200): Illuminate\\Routing\\Router->dispatch()
#23 /home/kahfi/plants-web/vendor/laravel/framework/src/Illuminate/Pipeline/Pipeline.php(141): Illuminate\\Foundation\\Http\\Kernel->Illuminate\\Foundation\\Http\\{closure}()
#24 /home/kahfi/plants-web/vendor/livewire/livewire/src/Features/SupportDisablingBackButtonCache/DisableBackButtonCacheMiddleware.php(19): Illuminate\\Pipeline\\Pipeline->Illuminate\\Pipeline\\{closure}()
#25 /home/kahfi/plants-web/vendor/laravel/framework/src/Illuminate/Pipeline/Pipeline.php(180): Livewire\\Features\\SupportDisablingBackButtonCache\\DisableBackButtonCacheMiddleware->handle()
#26 /home/kahfi/plants-web/vendor/laravel/framework/src/Illuminate/Foundation/Http/Middleware/TransformsRequest.php(21): Illuminate\\Pipeline\\Pipeline->Illuminate\\Pipeline\\{closure}()
#27 /home/kahfi/plants-web/vendor/laravel/framework/src/Illuminate/Foundation/Http/Middleware/ConvertEmptyStringsToNull.php(31): Illuminate\\Foundation\\Http\\Middleware\\TransformsRequest->handle()
#28 /home/kahfi/plants-web/vendor/laravel/framework/src/Illuminate/Pipeline/Pipeline.php(180): Illuminate\\Foundation\\Http\\Middleware\\ConvertEmptyStringsToNull->handle()
#29 /home/kahfi/plants-web/vendor/laravel/framework/src/Illuminate/Foundation/Http/Middleware/TransformsRequest.php(21): Illuminate\\Pipeline\\Pipeline->Illuminate\\Pipeline\\{closure}()
#30 /home/kahfi/plants-web/vendor/laravel/framework/src/Illuminate/Foundation/Http/Middleware/TrimStrings.php(40): Illuminate\\Foundation\\Http\\Middleware\\TransformsRequest->handle()
#31 /home/kahfi/plants-web/vendor/laravel/framework/src/Illuminate/Pipeline/Pipeline.php(180): Illuminate\\Foundation\\Http\\Middleware\\TrimStrings->handle()
#32 /home/kahfi/plants-web/vendor/laravel/framework/src/Illuminate/Foundation/Http/Middleware/ValidatePostSize.php(27): Illuminate\\Pipeline\\Pipeline->Illuminate\\Pipeline\\{closure}()
#33 /home/kahfi/plants-web/vendor/laravel/framework/src/Illuminate/Pipeline/Pipeline.php(180): Illuminate\\Foundation\\Http\\Middleware\\ValidatePostSize->handle()
#34 /home/kahfi/plants-web/vendor/laravel/framework/src/Illuminate/Foundation/Http/Middleware/PreventRequestsDuringMaintenance.php(99): Illuminate\\Pipeline\\Pipeline->Illuminate\\Pipeline\\{closure}()
#35 /home/kahfi/plants-web/vendor/laravel/framework/src/Illuminate/Pipeline/Pipeline.php(180): Illuminate\\Foundation\\Http\\Middleware\\PreventRequestsDuringMaintenance->handle()
#36 /home/kahfi/plants-web/vendor/laravel/framework/src/Illuminate/Http/Middleware/HandleCors.php(49): Illuminate\\Pipeline\\Pipeline->Illuminate\\Pipeline\\{closure}()
#37 /home/kahfi/plants-web/vendor/laravel/framework/src/Illuminate/Pipeline/Pipeline.php(180): Illuminate\\Http\\Middleware\\HandleCors->handle()
#38 /home/kahfi/plants-web/vendor/laravel/framework/src/Illuminate/Http/Middleware/TrustProxies.php(39): Illuminate\\Pipeline\\Pipeline->Illuminate\\Pipeline\\{closure}()
#39 /home/kahfi/plants-web/vendor/laravel/framework/src/Illuminate/Pipeline/Pipeline.php(180): Illuminate\\Http\\Middleware\\TrustProxies->handle()
#40 /home/kahfi/plants-web/vendor/laravel/framework/src/Illuminate/Pipeline/Pipeline.php(116): Illuminate\\Pipeline\\Pipeline->Illuminate\\Pipeline\\{closure}()
#41 /home/kahfi/plants-web/vendor/laravel/framework/src/Illuminate/Foundation/Http/Kernel.php(175): Illuminate\\Pipeline\\Pipeline->then()
#42 /home/kahfi/plants-web/vendor/laravel/framework/src/Illuminate/Foundation/Http/Kernel.php(144): Illuminate\\Foundation\\Http\\Kernel->sendRequestThroughRouter()
#43 /home/kahfi/plants-web/public/index.php(51): Illuminate\\Foundation\\Http\\Kernel->handle()
#44 /home/kahfi/plants-web/vendor/laravel/framework/src/Illuminate/Foundation/resources/server.php(16): require_once('...')
#45 {main}
"} 
[2023-10-29 01:31:37] local.ERROR: No application encryption key has been specified. {"exception":"[object] (Illuminate\\Encryption\\MissingAppKeyException(code: 0): No application encryption key has been specified. at /home/kahfi/plants-web/vendor/laravel/framework/src/Illuminate/Encryption/EncryptionServiceProvider.php:79)
[stacktrace]
#0 /home/kahfi/plants-web/vendor/laravel/framework/src/Illuminate/Support/helpers.php(307): Illuminate\\Encryption\\EncryptionServiceProvider->Illuminate\\Encryption\\{closure}()
#1 /home/kahfi/plants-web/vendor/laravel/framework/src/Illuminate/Encryption/EncryptionServiceProvider.php(77): tap()
#2 /home/kahfi/plants-web/vendor/laravel/framework/src/Illuminate/Encryption/EncryptionServiceProvider.php(60): Illuminate\\Encryption\\EncryptionServiceProvider->key()
#3 /home/kahfi/plants-web/vendor/laravel/framework/src/Illuminate/Encryption/EncryptionServiceProvider.php(32): Illuminate\\Encryption\\EncryptionServiceProvider->parseKey()
#4 /home/kahfi/plants-web/vendor/laravel/framework/src/Illuminate/Container/Container.php(908): Illuminate\\Encryption\\EncryptionServiceProvider->Illuminate\\Encryption\\{closure}()
#5 /home/kahfi/plants-web/vendor/laravel/framework/src/Illuminate/Container/Container.php(795): Illuminate\\Container\\Container->build()
#6 /home/kahfi/plants-web/vendor/laravel/framework/src/Illuminate/Foundation/Application.php(955): Illuminate\\Container\\Container->resolve()
#7 /home/kahfi/plants-web/vendor/laravel/framework/src/Illuminate/Container/Container.php(731): Illuminate\\Foundation\\Application->resolve()
#8 /home/kahfi/plants-web/vendor/laravel/framework/src/Illuminate/Foundation/Application.php(940): Illuminate\\Container\\Container->make()
#9 /home/kahfi/plants-web/vendor/laravel/framework/src/Illuminate/Container/Container.php(1066): Illuminate\\Foundation\\Application->make()
#10 /home/kahfi/plants-web/vendor/laravel/framework/src/Illuminate/Container/Container.php(982): Illuminate\\Container\\Container->resolveClass()
#11 /home/kahfi/plants-web/vendor/laravel/framework/src/Illuminate/Container/Container.php(943): Illuminate\\Container\\Container->resolveDependencies()
#12 /home/kahfi/plants-web/vendor/laravel/framework/src/Illuminate/Container/Container.php(795): Illuminate\\Container\\Container->build()
#13 /home/kahfi/plants-web/vendor/laravel/framework/src/Illuminate/Foundation/Application.php(955): Illuminate\\Container\\Container->resolve()
#14 /home/kahfi/plants-web/vendor/laravel/framework/src/Illuminate/Container/Container.php(731): Illuminate\\Foundation\\Application->resolve()
#15 /home/kahfi/plants-web/vendor/laravel/framework/src/Illuminate/Foundation/Application.php(940): Illuminate\\Container\\Container->make()
#16 /home/kahfi/plants-web/vendor/laravel/framework/src/Illuminate/Foundation/Http/Kernel.php(255): Illuminate\\Foundation\\Application->make()
#17 /home/kahfi/plants-web/vendor/laravel/framework/src/Illuminate/Foundation/Http/Kernel.php(213): Illuminate\\Foundation\\Http\\Kernel->terminateMiddleware()
#18 /home/kahfi/plants-web/public/index.php(55): Illuminate\\Foundation\\Http\\Kernel->terminate()
#19 /home/kahfi/plants-web/vendor/laravel/framework/src/Illuminate/Foundation/resources/server.php(16): require_once('...')
#20 {main}
"} 
[2023-10-29 09:01:30] local.ERROR: An attempt was made to evaluate a closure for [Filament\Tables\Columns\TextColumn], but [$data] was unresolvable. {"view":{"view":"/home/kahfi/plants-web/vendor/filament/tables/resources/views/columns/text-column.blade.php","data":[]},"userId":1,"exception":"[object] (Spatie\\LaravelIgnition\\Exceptions\\ViewException(code: 0): An attempt was made to evaluate a closure for [Filament\\Tables\\Columns\\TextColumn], but [$data] was unresolvable. at /home/kahfi/plants-web/vendor/filament/support/src/Concerns/EvaluatesClosures.php:95)
[stacktrace]
#0 /home/kahfi/plants-web/vendor/filament/support/src/Concerns/EvaluatesClosures.php(32): Filament\\Support\\Components\\Component->resolveClosureDependencyForEvaluation()
#1 /home/kahfi/plants-web/vendor/filament/tables/src/Columns/Concerns/CanFormatState.php(112): Filament\\Support\\Components\\Component->evaluate()
#2 /home/kahfi/plants-web/vendor/filament/support/src/Concerns/EvaluatesClosures.php(35): Filament\\Tables\\Columns\\TextColumn::Filament\\Tables\\Columns\\Concerns\\{closure}()
#3 /home/kahfi/plants-web/vendor/filament/tables/src/Columns/Concerns/CanFormatState.php(216): Filament\\Support\\Components\\Component->evaluate()
#4 /home/kahfi/plants-web/vendor/filament/tables/resources/views/columns/text-column.blade.php(72): Filament\\Tables\\Columns\\TextColumn->formatState()
#5 /home/kahfi/plants-web/vendor/livewire/livewire/src/Mechanisms/ExtendBlade/ExtendedCompilerEngine.php(37): include('...')
#6 /home/kahfi/plants-web/vendor/livewire/livewire/src/Mechanisms/ExtendBlade/ExtendedCompilerEngine.php(38): App\\Filament\\Resources\\ProductResource\\Pages\\ListProducts->Livewire\\Mechanisms\\ExtendBlade\\{closure}()
#7 /home/kahfi/plants-web/vendor/laravel/framework/src/Illuminate/View/Engines/CompilerEngine.php(72): Livewire\\Mechanisms\\ExtendBlade\\ExtendedCompilerEngine->evaluatePath()
#8 /home/kahfi/plants-web/vendor/livewire/livewire/src/Mechanisms/ExtendBlade/ExtendedCompilerEngine.php(16): Illuminate\\View\\Engines\\CompilerEngine->get()
#9 /home/kahfi/plants-web/vendor/laravel/framework/src/Illuminate/View/View.php(195): Livewire\\Mechanisms\\ExtendBlade\\ExtendedCompilerEngine->get()
#10 /home/kahfi/plants-web/vendor/laravel/framework/src/Illuminate/View/View.php(178): Illuminate\\View\\View->getContents()
#11 /home/kahfi/plants-web/vendor/laravel/framework/src/Illuminate/View/View.php(147): Illuminate\\View\\View->renderContents()
#12 /home/kahfi/plants-web/vendor/filament/support/src/Components/ViewComponent.php(128): Illuminate\\View\\View->render()
#13 /home/kahfi/plants-web/vendor/laravel/framework/src/Illuminate/Support/helpers.php(117): Filament\\Support\\Components\\ViewComponent->toHtml()
#14 /home/kahfi/plants-web/vendor/filament/tables/resources/views/components/columns/column.blade.php(49): e()
#15 /home/kahfi/plants-web/vendor/livewire/livewire/src/Mechanisms/ExtendBlade/ExtendedCompilerEngine.php(37): include('...')
#16 /home/kahfi/plants-web/vendor/livewire/livewire/src/Mechanisms/ExtendBlade/ExtendedCompilerEngine.php(38): App\\Filament\\Resources\\ProductResource\\Pages\\ListProducts->Livewire\\Mechanisms\\ExtendBlade\\{closure}()
#17 /home/kahfi/plants-web/vendor/laravel/framework/src/Illuminate/View/Engines/CompilerEngine.php(72): Livewire\\Mechanisms\\ExtendBlade\\ExtendedCompilerEngine->evaluatePath()
#18 /home/kahfi/plants-web/vendor/livewire/livewire/src/Mechanisms/ExtendBlade/ExtendedCompilerEngine.php(16): Illuminate\\View\\Engines\\CompilerEngine->get()
#19 /home/kahfi/plants-web/vendor/laravel/framework/src/Illuminate/View/View.php(195): Livewire\\Mechanisms\\ExtendBlade\\ExtendedCompilerEngine->get()
#20 /home/kahfi/plants-web/vendor/laravel/framework/src/Illuminate/View/View.php(178): Illuminate\\View\\View->getContents()
#21 /home/kahfi/plants-web/vendor/laravel/framework/src/Illuminate/View/View.php(147): Illuminate\\View\\View->renderContents()
#22 /home/kahfi/plants-web/vendor/laravel/framework/src/Illuminate/View/Concerns/ManagesComponents.php(103): Illuminate\\View\\View->render()
#23 /home/kahfi/plants-web/vendor/filament/tables/resources/views/index.blade.php(1040): Illuminate\\View\\Factory->renderComponent()
#24 /home/kahfi/plants-web/vendor/livewire/livewire/src/Mechanisms/ExtendBlade/ExtendedCompilerEngine.php(37): include('...')
#25 /home/kahfi/plants-web/vendor/livewire/livewire/src/Mechanisms/ExtendBlade/ExtendedCompilerEngine.php(38): App\\Filament\\Resources\\ProductResource\\Pages\\ListProducts->Livewire\\Mechanisms\\ExtendBlade\\{closure}()
#26 /home/kahfi/plants-web/vendor/laravel/framework/src/Illuminate/View/Engines/CompilerEngine.php(72): Livewire\\Mechanisms\\ExtendBlade\\ExtendedCompilerEngine->evaluatePath()
#27 /home/kahfi/plants-web/vendor/livewire/livewire/src/Mechanisms/ExtendBlade/ExtendedCompilerEngine.php(16): Illuminate\\View\\Engines\\CompilerEngine->get()
#28 /home/kahfi/plants-web/vendor/laravel/framework/src/Illuminate/View/View.php(195): Livewire\\Mechanisms\\ExtendBlade\\ExtendedCompilerEngine->get()
#29 /home/kahfi/plants-web/vendor/laravel/framework/src/Illuminate/View/View.php(178): Illuminate\\View\\View->getContents()
#30 /home/kahfi/plants-web/vendor/laravel/framework/src/Illuminate/View/View.php(147): Illuminate\\View\\View->renderContents()
#31 /home/kahfi/plants-web/vendor/filament/support/src/Components/ViewComponent.php(128): Illuminate\\View\\View->render()
#32 /home/kahfi/plants-web/vendor/laravel/framework/src/Illuminate/Support/helpers.php(117): Filament\\Support\\Components\\ViewComponent->toHtml()
#33 /home/kahfi/plants-web/vendor/filament/filament/resources/views/resources/pages/list-records.blade.php(14): e()
#34 /home/kahfi/plants-web/vendor/livewire/livewire/src/Mechanisms/ExtendBlade/ExtendedCompilerEngine.php(37): include('...')
#35 /home/kahfi/plants-web/vendor/livewire/livewire/src/Mechanisms/ExtendBlade/ExtendedCompilerEngine.php(38): App\\Filament\\Resources\\ProductResource\\Pages\\ListProducts->Livewire\\Mechanisms\\ExtendBlade\\{closure}()
#36 /home/kahfi/plants-web/vendor/laravel/framework/src/Illuminate/View/Engines/CompilerEngine.php(72): Livewire\\Mechanisms\\ExtendBlade\\ExtendedCompilerEngine->evaluatePath()
#37 /home/kahfi/plants-web/vendor/livewire/livewire/src/Mechanisms/ExtendBlade/ExtendedCompilerEngine.php(16): Illuminate\\View\\Engines\\CompilerEngine->get()
#38 /home/kahfi/plants-web/vendor/laravel/framework/src/Illuminate/View/View.php(195): Livewire\\Mechanisms\\ExtendBlade\\ExtendedCompilerEngine->get()
#39 /home/kahfi/plants-web/vendor/laravel/framework/src/Illuminate/View/View.php(178): Illuminate\\View\\View->getContents()
#40 /home/kahfi/plants-web/vendor/laravel/framework/src/Illuminate/View/View.php(147): Illuminate\\View\\View->renderContents()
#41 /home/kahfi/plants-web/vendor/livewire/livewire/src/Mechanisms/HandleComponents/HandleComponents.php(245): Illuminate\\View\\View->render()
#42 /home/kahfi/plants-web/vendor/livewire/livewire/src/Mechanisms/HandleComponents/HandleComponents.php(289): Livewire\\Mechanisms\\HandleComponents\\HandleComponents->Livewire\\Mechanisms\\HandleComponents\\{closure}()
#43 /home/kahfi/plants-web/vendor/livewire/livewire/src/Mechanisms/HandleComponents/HandleComponents.php(235): Livewire\\Mechanisms\\HandleComponents\\HandleComponents->trackInRenderStack()
#44 /home/kahfi/plants-web/vendor/livewire/livewire/src/Mechanisms/HandleComponents/HandleComponents.php(61): Livewire\\Mechanisms\\HandleComponents\\HandleComponents->render()
#45 /home/kahfi/plants-web/vendor/livewire/livewire/src/LivewireManager.php(72): Livewire\\Mechanisms\\HandleComponents\\HandleComponents->mount()
#46 /home/kahfi/plants-web/vendor/livewire/livewire/src/Features/SupportPageComponents/HandlesPageComponents.php(17): Livewire\\LivewireManager->mount()
#47 /home/kahfi/plants-web/vendor/livewire/livewire/src/Features/SupportPageComponents/SupportPageComponents.php(115): Livewire\\Component->Livewire\\Features\\SupportPageComponents\\{closure}()
#48 /home/kahfi/plants-web/vendor/livewire/livewire/src/Features/SupportPageComponents/HandlesPageComponents.php(14): Livewire\\Features\\SupportPageComponents\\SupportPageComponents::interceptTheRenderOfTheComponentAndRetreiveTheLayoutConfiguration()
#49 /home/kahfi/plants-web/vendor/laravel/framework/src/Illuminate/Routing/ControllerDispatcher.php(46): Livewire\\Component->__invoke()
#50 /home/kahfi/plants-web/vendor/laravel/framework/src/Illuminate/Routing/Route.php(259): Illuminate\\Routing\\ControllerDispatcher->dispatch()
#51 /home/kahfi/plants-web/vendor/laravel/framework/src/Illuminate/Routing/Route.php(205): Illuminate\\Routing\\Route->runController()
#52 /home/kahfi/plants-web/vendor/laravel/framework/src/Illuminate/Routing/Router.php(799): Illuminate\\Routing\\Route->run()
#53 /home/kahfi/plants-web/vendor/laravel/framework/src/Illuminate/Pipeline/Pipeline.php(141): Illuminate\\Routing\\Router->Illuminate\\Routing\\{closure}()
#54 /home/kahfi/plants-web/vendor/filament/filament/src/Http/Middleware/DispatchServingFilamentEvent.php(15): Illuminate\\Pipeline\\Pipeline->Illuminate\\Pipeline\\{closure}()
#55 /home/kahfi/plants-web/vendor/laravel/framework/src/Illuminate/Pipeline/Pipeline.php(180): Filament\\Http\\Middleware\\DispatchServingFilamentEvent->handle()
#56 /home/kahfi/plants-web/vendor/filament/filament/src/Http/Middleware/DisableBladeIconComponents.php(14): Illuminate\\Pipeline\\Pipeline->Illuminate\\Pipeline\\{closure}()
#57 /home/kahfi/plants-web/vendor/laravel/framework/src/Illuminate/Pipeline/Pipeline.php(180): Filament\\Http\\Middleware\\DisableBladeIconComponents->handle()
#58 /home/kahfi/plants-web/vendor/laravel/framework/src/Illuminate/Routing/Middleware/SubstituteBindings.php(50): Illuminate\\Pipeline\\Pipeline->Illuminate\\Pipeline\\{closure}()
#59 /home/kahfi/plants-web/vendor/laravel/framework/src/Illuminate/Pipeline/Pipeline.php(180): Illuminate\\Routing\\Middleware\\SubstituteBindings->handle()
#60 /home/kahfi/plants-web/vendor/laravel/framework/src/Illuminate/Foundation/Http/Middleware/VerifyCsrfToken.php(78): Illuminate\\Pipeline\\Pipeline->Illuminate\\Pipeline\\{closure}()
#61 /home/kahfi/plants-web/vendor/laravel/framework/src/Illuminate/Pipeline/Pipeline.php(180): Illuminate\\Foundation\\Http\\Middleware\\VerifyCsrfToken->handle()
#62 /home/kahfi/plants-web/vendor/laravel/framework/src/Illuminate/Session/Middleware/AuthenticateSession.php(60): Illuminate\\Pipeline\\Pipeline->Illuminate\\Pipeline\\{closure}()
#63 /home/kahfi/plants-web/vendor/laravel/framework/src/Illuminate/Pipeline/Pipeline.php(180): Illuminate\\Session\\Middleware\\AuthenticateSession->handle()
#64 /home/kahfi/plants-web/vendor/laravel/framework/src/Illuminate/Auth/Middleware/Authenticate.php(57): Illuminate\\Pipeline\\Pipeline->Illuminate\\Pipeline\\{closure}()
#65 /home/kahfi/plants-web/vendor/laravel/framework/src/Illuminate/Pipeline/Pipeline.php(180): Illuminate\\Auth\\Middleware\\Authenticate->handle()
#66 /home/kahfi/plants-web/vendor/laravel/framework/src/Illuminate/View/Middleware/ShareErrorsFromSession.php(49): Illuminate\\Pipeline\\Pipeline->Illuminate\\Pipeline\\{closure}()
#67 /home/kahfi/plants-web/vendor/laravel/framework/src/Illuminate/Pipeline/Pipeline.php(180): Illuminate\\View\\Middleware\\ShareErrorsFromSession->handle()
#68 /home/kahfi/plants-web/vendor/laravel/framework/src/Illuminate/Session/Middleware/StartSession.php(121): Illuminate\\Pipeline\\Pipeline->Illuminate\\Pipeline\\{closure}()
#69 /home/kahfi/plants-web/vendor/laravel/framework/src/Illuminate/Session/Middleware/StartSession.php(64): Illuminate\\Session\\Middleware\\StartSession->handleStatefulRequest()
#70 /home/kahfi/plants-web/vendor/laravel/framework/src/Illuminate/Pipeline/Pipeline.php(180): Illuminate\\Session\\Middleware\\StartSession->handle()
#71 /home/kahfi/plants-web/vendor/laravel/framework/src/Illuminate/Cookie/Middleware/AddQueuedCookiesToResponse.php(37): Illuminate\\Pipeline\\Pipeline->Illuminate\\Pipeline\\{closure}()
#72 /home/kahfi/plants-web/vendor/laravel/framework/src/Illuminate/Pipeline/Pipeline.php(180): Illuminate\\Cookie\\Middleware\\AddQueuedCookiesToResponse->handle()
#73 /home/kahfi/plants-web/vendor/laravel/framework/src/Illuminate/Cookie/Middleware/EncryptCookies.php(67): Illuminate\\Pipeline\\Pipeline->Illuminate\\Pipeline\\{closure}()
#74 /home/kahfi/plants-web/vendor/laravel/framework/src/Illuminate/Pipeline/Pipeline.php(180): Illuminate\\Cookie\\Middleware\\EncryptCookies->handle()
#75 /home/kahfi/plants-web/vendor/filament/filament/src/Http/Middleware/SetUpPanel.php(19): Illuminate\\Pipeline\\Pipeline->Illuminate\\Pipeline\\{closure}()
#76 /home/kahfi/plants-web/vendor/laravel/framework/src/Illuminate/Pipeline/Pipeline.php(180): Filament\\Http\\Middleware\\SetUpPanel->handle()
#77 /home/kahfi/plants-web/vendor/laravel/framework/src/Illuminate/Pipeline/Pipeline.php(116): Illuminate\\Pipeline\\Pipeline->Illuminate\\Pipeline\\{closure}()
#78 /home/kahfi/plants-web/vendor/laravel/framework/src/Illuminate/Routing/Router.php(798): Illuminate\\Pipeline\\Pipeline->then()
#79 /home/kahfi/plants-web/vendor/laravel/framework/src/Illuminate/Routing/Router.php(777): Illuminate\\Routing\\Router->runRouteWithinStack()
#80 /home/kahfi/plants-web/vendor/laravel/framework/src/Illuminate/Routing/Router.php(741): Illuminate\\Routing\\Router->runRoute()
#81 /home/kahfi/plants-web/vendor/laravel/framework/src/Illuminate/Routing/Router.php(730): Illuminate\\Routing\\Router->dispatchToRoute()
#82 /home/kahfi/plants-web/vendor/laravel/framework/src/Illuminate/Foundation/Http/Kernel.php(200): Illuminate\\Routing\\Router->dispatch()
#83 /home/kahfi/plants-web/vendor/laravel/framework/src/Illuminate/Pipeline/Pipeline.php(141): Illuminate\\Foundation\\Http\\Kernel->Illuminate\\Foundation\\Http\\{closure}()
#84 /home/kahfi/plants-web/vendor/livewire/livewire/src/Features/SupportDisablingBackButtonCache/DisableBackButtonCacheMiddleware.php(19): Illuminate\\Pipeline\\Pipeline->Illuminate\\Pipeline\\{closure}()
#85 /home/kahfi/plants-web/vendor/laravel/framework/src/Illuminate/Pipeline/Pipeline.php(180): Livewire\\Features\\SupportDisablingBackButtonCache\\DisableBackButtonCacheMiddleware->handle()
#86 /home/kahfi/plants-web/vendor/laravel/framework/src/Illuminate/Foundation/Http/Middleware/TransformsRequest.php(21): Illuminate\\Pipeline\\Pipeline->Illuminate\\Pipeline\\{closure}()
#87 /home/kahfi/plants-web/vendor/laravel/framework/src/Illuminate/Foundation/Http/Middleware/ConvertEmptyStringsToNull.php(31): Illuminate\\Foundation\\Http\\Middleware\\TransformsRequest->handle()
#88 /home/kahfi/plants-web/vendor/laravel/framework/src/Illuminate/Pipeline/Pipeline.php(180): Illuminate\\Foundation\\Http\\Middleware\\ConvertEmptyStringsToNull->handle()
#89 /home/kahfi/plants-web/vendor/laravel/framework/src/Illuminate/Foundation/Http/Middleware/TransformsRequest.php(21): Illuminate\\Pipeline\\Pipeline->Illuminate\\Pipeline\\{closure}()
#90 /home/kahfi/plants-web/vendor/laravel/framework/src/Illuminate/Foundation/Http/Middleware/TrimStrings.php(40): Illuminate\\Foundation\\Http\\Middleware\\TransformsRequest->handle()
#91 /home/kahfi/plants-web/vendor/laravel/framework/src/Illuminate/Pipeline/Pipeline.php(180): Illuminate\\Foundation\\Http\\Middleware\\TrimStrings->handle()
#92 /home/kahfi/plants-web/vendor/laravel/framework/src/Illuminate/Foundation/Http/Middleware/ValidatePostSize.php(27): Illuminate\\Pipeline\\Pipeline->Illuminate\\Pipeline\\{closure}()
#93 /home/kahfi/plants-web/vendor/laravel/framework/src/Illuminate/Pipeline/Pipeline.php(180): Illuminate\\Foundation\\Http\\Middleware\\ValidatePostSize->handle()
#94 /home/kahfi/plants-web/vendor/laravel/framework/src/Illuminate/Foundation/Http/Middleware/PreventRequestsDuringMaintenance.php(99): Illuminate\\Pipeline\\Pipeline->Illuminate\\Pipeline\\{closure}()
#95 /home/kahfi/plants-web/vendor/laravel/framework/src/Illuminate/Pipeline/Pipeline.php(180): Illuminate\\Foundation\\Http\\Middleware\\PreventRequestsDuringMaintenance->handle()
#96 /home/kahfi/plants-web/vendor/laravel/framework/src/Illuminate/Http/Middleware/HandleCors.php(49): Illuminate\\Pipeline\\Pipeline->Illuminate\\Pipeline\\{closure}()
#97 /home/kahfi/plants-web/vendor/laravel/framework/src/Illuminate/Pipeline/Pipeline.php(180): Illuminate\\Http\\Middleware\\HandleCors->handle()
#98 /home/kahfi/plants-web/vendor/laravel/framework/src/Illuminate/Http/Middleware/TrustProxies.php(39): Illuminate\\Pipeline\\Pipeline->Illuminate\\Pipeline\\{closure}()
#99 /home/kahfi/plants-web/vendor/laravel/framework/src/Illuminate/Pipeline/Pipeline.php(180): Illuminate\\Http\\Middleware\\TrustProxies->handle()
#100 /home/kahfi/plants-web/vendor/laravel/framework/src/Illuminate/Pipeline/Pipeline.php(116): Illuminate\\Pipeline\\Pipeline->Illuminate\\Pipeline\\{closure}()
#101 /home/kahfi/plants-web/vendor/laravel/framework/src/Illuminate/Foundation/Http/Kernel.php(175): Illuminate\\Pipeline\\Pipeline->then()
#102 /home/kahfi/plants-web/vendor/laravel/framework/src/Illuminate/Foundation/Http/Kernel.php(144): Illuminate\\Foundation\\Http\\Kernel->sendRequestThroughRouter()
#103 /home/kahfi/plants-web/public/index.php(51): Illuminate\\Foundation\\Http\\Kernel->handle()
#104 /home/kahfi/plants-web/vendor/laravel/framework/src/Illuminate/Foundation/resources/server.php(16): require_once('...')
#105 {main}

[previous exception] [object] (Illuminate\\Contracts\\Container\\BindingResolutionException(code: 0): An attempt was made to evaluate a closure for [Filament\\Tables\\Columns\\TextColumn], but [$data] was unresolvable. at /home/kahfi/plants-web/vendor/filament/support/src/Concerns/EvaluatesClosures.php:95)
[stacktrace]
#0 /home/kahfi/plants-web/vendor/filament/support/src/Concerns/EvaluatesClosures.php(32): Filament\\Support\\Components\\Component->resolveClosureDependencyForEvaluation()
#1 /home/kahfi/plants-web/vendor/filament/tables/src/Columns/Concerns/CanFormatState.php(112): Filament\\Support\\Components\\Component->evaluate()
#2 /home/kahfi/plants-web/vendor/filament/support/src/Concerns/EvaluatesClosures.php(35): Filament\\Tables\\Columns\\TextColumn::Filament\\Tables\\Columns\\Concerns\\{closure}()
#3 /home/kahfi/plants-web/vendor/filament/tables/src/Columns/Concerns/CanFormatState.php(216): Filament\\Support\\Components\\Component->evaluate()
#4 /home/kahfi/plants-web/storage/framework/views/6238edfcc768fcb77142703bf5a9c8b1.php(73): Filament\\Tables\\Columns\\TextColumn->formatState()
#5 /home/kahfi/plants-web/vendor/livewire/livewire/src/Mechanisms/ExtendBlade/ExtendedCompilerEngine.php(37): include('...')
#6 /home/kahfi/plants-web/vendor/livewire/livewire/src/Mechanisms/ExtendBlade/ExtendedCompilerEngine.php(38): App\\Filament\\Resources\\ProductResource\\Pages\\ListProducts->Livewire\\Mechanisms\\ExtendBlade\\{closure}()
#7 /home/kahfi/plants-web/vendor/laravel/framework/src/Illuminate/View/Engines/CompilerEngine.php(72): Livewire\\Mechanisms\\ExtendBlade\\ExtendedCompilerEngine->evaluatePath()
#8 /home/kahfi/plants-web/vendor/livewire/livewire/src/Mechanisms/ExtendBlade/ExtendedCompilerEngine.php(16): Illuminate\\View\\Engines\\CompilerEngine->get()
#9 /home/kahfi/plants-web/vendor/laravel/framework/src/Illuminate/View/View.php(195): Livewire\\Mechanisms\\ExtendBlade\\ExtendedCompilerEngine->get()
#10 /home/kahfi/plants-web/vendor/laravel/framework/src/Illuminate/View/View.php(178): Illuminate\\View\\View->getContents()
#11 /home/kahfi/plants-web/vendor/laravel/framework/src/Illuminate/View/View.php(147): Illuminate\\View\\View->renderContents()
#12 /home/kahfi/plants-web/vendor/filament/support/src/Components/ViewComponent.php(128): Illuminate\\View\\View->render()
#13 /home/kahfi/plants-web/vendor/laravel/framework/src/Illuminate/Support/helpers.php(117): Filament\\Support\\Components\\ViewComponent->toHtml()
#14 /home/kahfi/plants-web/storage/framework/views/3bb407892ed8ab5538d8735c948065b5.php(77): e()
#15 /home/kahfi/plants-web/vendor/livewire/livewire/src/Mechanisms/ExtendBlade/ExtendedCompilerEngine.php(37): include('...')
#16 /home/kahfi/plants-web/vendor/livewire/livewire/src/Mechanisms/ExtendBlade/ExtendedCompilerEngine.php(38): App\\Filament\\Resources\\ProductResource\\Pages\\ListProducts->Livewire\\Mechanisms\\ExtendBlade\\{closure}()
#17 /home/kahfi/plants-web/vendor/laravel/framework/src/Illuminate/View/Engines/CompilerEngine.php(72): Livewire\\Mechanisms\\ExtendBlade\\ExtendedCompilerEngine->evaluatePath()
#18 /home/kahfi/plants-web/vendor/livewire/livewire/src/Mechanisms/ExtendBlade/ExtendedCompilerEngine.php(16): Illuminate\\View\\Engines\\CompilerEngine->get()
#19 /home/kahfi/plants-web/vendor/laravel/framework/src/Illuminate/View/View.php(195): Livewire\\Mechanisms\\ExtendBlade\\ExtendedCompilerEngine->get()
#20 /home/kahfi/plants-web/vendor/laravel/framework/src/Illuminate/View/View.php(178): Illuminate\\View\\View->getContents()
#21 /home/kahfi/plants-web/vendor/laravel/framework/src/Illuminate/View/View.php(147): Illuminate\\View\\View->renderContents()
#22 /home/kahfi/plants-web/vendor/laravel/framework/src/Illuminate/View/Concerns/ManagesComponents.php(103): Illuminate\\View\\View->render()
#23 /home/kahfi/plants-web/storage/framework/views/f1b0cd4665019cbc24c5ce2059bb8867.php(1749): Illuminate\\View\\Factory->renderComponent()
#24 /home/kahfi/plants-web/vendor/livewire/livewire/src/Mechanisms/ExtendBlade/ExtendedCompilerEngine.php(37): include('...')
#25 /home/kahfi/plants-web/vendor/livewire/livewire/src/Mechanisms/ExtendBlade/ExtendedCompilerEngine.php(38): App\\Filament\\Resources\\ProductResource\\Pages\\ListProducts->Livewire\\Mechanisms\\ExtendBlade\\{closure}()
#26 /home/kahfi/plants-web/vendor/laravel/framework/src/Illuminate/View/Engines/CompilerEngine.php(72): Livewire\\Mechanisms\\ExtendBlade\\ExtendedCompilerEngine->evaluatePath()
#27 /home/kahfi/plants-web/vendor/livewire/livewire/src/Mechanisms/ExtendBlade/ExtendedCompilerEngine.php(16): Illuminate\\View\\Engines\\CompilerEngine->get()
#28 /home/kahfi/plants-web/vendor/laravel/framework/src/Illuminate/View/View.php(195): Livewire\\Mechanisms\\ExtendBlade\\ExtendedCompilerEngine->get()
#29 /home/kahfi/plants-web/vendor/laravel/framework/src/Illuminate/View/View.php(178): Illuminate\\View\\View->getContents()
#30 /home/kahfi/plants-web/vendor/laravel/framework/src/Illuminate/View/View.php(147): Illuminate\\View\\View->renderContents()
#31 /home/kahfi/plants-web/vendor/filament/support/src/Components/ViewComponent.php(128): Illuminate\\View\\View->render()
#32 /home/kahfi/plants-web/vendor/laravel/framework/src/Illuminate/Support/helpers.php(117): Filament\\Support\\Components\\ViewComponent->toHtml()
#33 /home/kahfi/plants-web/storage/framework/views/37f2764ce1c9e0d8859d79064974f993.php(36): e()
#34 /home/kahfi/plants-web/vendor/livewire/livewire/src/Mechanisms/ExtendBlade/ExtendedCompilerEngine.php(37): include('...')
#35 /home/kahfi/plants-web/vendor/livewire/livewire/src/Mechanisms/ExtendBlade/ExtendedCompilerEngine.php(38): App\\Filament\\Resources\\ProductResource\\Pages\\ListProducts->Livewire\\Mechanisms\\ExtendBlade\\{closure}()
#36 /home/kahfi/plants-web/vendor/laravel/framework/src/Illuminate/View/Engines/CompilerEngine.php(72): Livewire\\Mechanisms\\ExtendBlade\\ExtendedCompilerEngine->evaluatePath()
#37 /home/kahfi/plants-web/vendor/livewire/livewire/src/Mechanisms/ExtendBlade/ExtendedCompilerEngine.php(16): Illuminate\\View\\Engines\\CompilerEngine->get()
#38 /home/kahfi/plants-web/vendor/laravel/framework/src/Illuminate/View/View.php(195): Livewire\\Mechanisms\\ExtendBlade\\ExtendedCompilerEngine->get()
#39 /home/kahfi/plants-web/vendor/laravel/framework/src/Illuminate/View/View.php(178): Illuminate\\View\\View->getContents()
#40 /home/kahfi/plants-web/vendor/laravel/framework/src/Illuminate/View/View.php(147): Illuminate\\View\\View->renderContents()
#41 /home/kahfi/plants-web/vendor/livewire/livewire/src/Mechanisms/HandleComponents/HandleComponents.php(245): Illuminate\\View\\View->render()
#42 /home/kahfi/plants-web/vendor/livewire/livewire/src/Mechanisms/HandleComponents/HandleComponents.php(289): Livewire\\Mechanisms\\HandleComponents\\HandleComponents->Livewire\\Mechanisms\\HandleComponents\\{closure}()
#43 /home/kahfi/plants-web/vendor/livewire/livewire/src/Mechanisms/HandleComponents/HandleComponents.php(235): Livewire\\Mechanisms\\HandleComponents\\HandleComponents->trackInRenderStack()
#44 /home/kahfi/plants-web/vendor/livewire/livewire/src/Mechanisms/HandleComponents/HandleComponents.php(61): Livewire\\Mechanisms\\HandleComponents\\HandleComponents->render()
#45 /home/kahfi/plants-web/vendor/livewire/livewire/src/LivewireManager.php(72): Livewire\\Mechanisms\\HandleComponents\\HandleComponents->mount()
#46 /home/kahfi/plants-web/vendor/livewire/livewire/src/Features/SupportPageComponents/HandlesPageComponents.php(17): Livewire\\LivewireManager->mount()
#47 /home/kahfi/plants-web/vendor/livewire/livewire/src/Features/SupportPageComponents/SupportPageComponents.php(115): Livewire\\Component->Livewire\\Features\\SupportPageComponents\\{closure}()
#48 /home/kahfi/plants-web/vendor/livewire/livewire/src/Features/SupportPageComponents/HandlesPageComponents.php(14): Livewire\\Features\\SupportPageComponents\\SupportPageComponents::interceptTheRenderOfTheComponentAndRetreiveTheLayoutConfiguration()
#49 /home/kahfi/plants-web/vendor/laravel/framework/src/Illuminate/Routing/ControllerDispatcher.php(46): Livewire\\Component->__invoke()
#50 /home/kahfi/plants-web/vendor/laravel/framework/src/Illuminate/Routing/Route.php(259): Illuminate\\Routing\\ControllerDispatcher->dispatch()
#51 /home/kahfi/plants-web/vendor/laravel/framework/src/Illuminate/Routing/Route.php(205): Illuminate\\Routing\\Route->runController()
#52 /home/kahfi/plants-web/vendor/laravel/framework/src/Illuminate/Routing/Router.php(799): Illuminate\\Routing\\Route->run()
#53 /home/kahfi/plants-web/vendor/laravel/framework/src/Illuminate/Pipeline/Pipeline.php(141): Illuminate\\Routing\\Router->Illuminate\\Routing\\{closure}()
#54 /home/kahfi/plants-web/vendor/filament/filament/src/Http/Middleware/DispatchServingFilamentEvent.php(15): Illuminate\\Pipeline\\Pipeline->Illuminate\\Pipeline\\{closure}()
#55 /home/kahfi/plants-web/vendor/laravel/framework/src/Illuminate/Pipeline/Pipeline.php(180): Filament\\Http\\Middleware\\DispatchServingFilamentEvent->handle()
#56 /home/kahfi/plants-web/vendor/filament/filament/src/Http/Middleware/DisableBladeIconComponents.php(14): Illuminate\\Pipeline\\Pipeline->Illuminate\\Pipeline\\{closure}()
#57 /home/kahfi/plants-web/vendor/laravel/framework/src/Illuminate/Pipeline/Pipeline.php(180): Filament\\Http\\Middleware\\DisableBladeIconComponents->handle()
#58 /home/kahfi/plants-web/vendor/laravel/framework/src/Illuminate/Routing/Middleware/SubstituteBindings.php(50): Illuminate\\Pipeline\\Pipeline->Illuminate\\Pipeline\\{closure}()
#59 /home/kahfi/plants-web/vendor/laravel/framework/src/Illuminate/Pipeline/Pipeline.php(180): Illuminate\\Routing\\Middleware\\SubstituteBindings->handle()
#60 /home/kahfi/plants-web/vendor/laravel/framework/src/Illuminate/Foundation/Http/Middleware/VerifyCsrfToken.php(78): Illuminate\\Pipeline\\Pipeline->Illuminate\\Pipeline\\{closure}()
#61 /home/kahfi/plants-web/vendor/laravel/framework/src/Illuminate/Pipeline/Pipeline.php(180): Illuminate\\Foundation\\Http\\Middleware\\VerifyCsrfToken->handle()
#62 /home/kahfi/plants-web/vendor/laravel/framework/src/Illuminate/Session/Middleware/AuthenticateSession.php(60): Illuminate\\Pipeline\\Pipeline->Illuminate\\Pipeline\\{closure}()
#63 /home/kahfi/plants-web/vendor/laravel/framework/src/Illuminate/Pipeline/Pipeline.php(180): Illuminate\\Session\\Middleware\\AuthenticateSession->handle()
#64 /home/kahfi/plants-web/vendor/laravel/framework/src/Illuminate/Auth/Middleware/Authenticate.php(57): Illuminate\\Pipeline\\Pipeline->Illuminate\\Pipeline\\{closure}()
#65 /home/kahfi/plants-web/vendor/laravel/framework/src/Illuminate/Pipeline/Pipeline.php(180): Illuminate\\Auth\\Middleware\\Authenticate->handle()
#66 /home/kahfi/plants-web/vendor/laravel/framework/src/Illuminate/View/Middleware/ShareErrorsFromSession.php(49): Illuminate\\Pipeline\\Pipeline->Illuminate\\Pipeline\\{closure}()
#67 /home/kahfi/plants-web/vendor/laravel/framework/src/Illuminate/Pipeline/Pipeline.php(180): Illuminate\\View\\Middleware\\ShareErrorsFromSession->handle()
#68 /home/kahfi/plants-web/vendor/laravel/framework/src/Illuminate/Session/Middleware/StartSession.php(121): Illuminate\\Pipeline\\Pipeline->Illuminate\\Pipeline\\{closure}()
#69 /home/kahfi/plants-web/vendor/laravel/framework/src/Illuminate/Session/Middleware/StartSession.php(64): Illuminate\\Session\\Middleware\\StartSession->handleStatefulRequest()
#70 /home/kahfi/plants-web/vendor/laravel/framework/src/Illuminate/Pipeline/Pipeline.php(180): Illuminate\\Session\\Middleware\\StartSession->handle()
#71 /home/kahfi/plants-web/vendor/laravel/framework/src/Illuminate/Cookie/Middleware/AddQueuedCookiesToResponse.php(37): Illuminate\\Pipeline\\Pipeline->Illuminate\\Pipeline\\{closure}()
#72 /home/kahfi/plants-web/vendor/laravel/framework/src/Illuminate/Pipeline/Pipeline.php(180): Illuminate\\Cookie\\Middleware\\AddQueuedCookiesToResponse->handle()
#73 /home/kahfi/plants-web/vendor/laravel/framework/src/Illuminate/Cookie/Middleware/EncryptCookies.php(67): Illuminate\\Pipeline\\Pipeline->Illuminate\\Pipeline\\{closure}()
#74 /home/kahfi/plants-web/vendor/laravel/framework/src/Illuminate/Pipeline/Pipeline.php(180): Illuminate\\Cookie\\Middleware\\EncryptCookies->handle()
#75 /home/kahfi/plants-web/vendor/filament/filament/src/Http/Middleware/SetUpPanel.php(19): Illuminate\\Pipeline\\Pipeline->Illuminate\\Pipeline\\{closure}()
#76 /home/kahfi/plants-web/vendor/laravel/framework/src/Illuminate/Pipeline/Pipeline.php(180): Filament\\Http\\Middleware\\SetUpPanel->handle()
#77 /home/kahfi/plants-web/vendor/laravel/framework/src/Illuminate/Pipeline/Pipeline.php(116): Illuminate\\Pipeline\\Pipeline->Illuminate\\Pipeline\\{closure}()
#78 /home/kahfi/plants-web/vendor/laravel/framework/src/Illuminate/Routing/Router.php(798): Illuminate\\Pipeline\\Pipeline->then()
#79 /home/kahfi/plants-web/vendor/laravel/framework/src/Illuminate/Routing/Router.php(777): Illuminate\\Routing\\Router->runRouteWithinStack()
#80 /home/kahfi/plants-web/vendor/laravel/framework/src/Illuminate/Routing/Router.php(741): Illuminate\\Routing\\Router->runRoute()
#81 /home/kahfi/plants-web/vendor/laravel/framework/src/Illuminate/Routing/Router.php(730): Illuminate\\Routing\\Router->dispatchToRoute()
#82 /home/kahfi/plants-web/vendor/laravel/framework/src/Illuminate/Foundation/Http/Kernel.php(200): Illuminate\\Routing\\Router->dispatch()
#83 /home/kahfi/plants-web/vendor/laravel/framework/src/Illuminate/Pipeline/Pipeline.php(141): Illuminate\\Foundation\\Http\\Kernel->Illuminate\\Foundation\\Http\\{closure}()
#84 /home/kahfi/plants-web/vendor/livewire/livewire/src/Features/SupportDisablingBackButtonCache/DisableBackButtonCacheMiddleware.php(19): Illuminate\\Pipeline\\Pipeline->Illuminate\\Pipeline\\{closure}()
#85 /home/kahfi/plants-web/vendor/laravel/framework/src/Illuminate/Pipeline/Pipeline.php(180): Livewire\\Features\\SupportDisablingBackButtonCache\\DisableBackButtonCacheMiddleware->handle()
#86 /home/kahfi/plants-web/vendor/laravel/framework/src/Illuminate/Foundation/Http/Middleware/TransformsRequest.php(21): Illuminate\\Pipeline\\Pipeline->Illuminate\\Pipeline\\{closure}()
#87 /home/kahfi/plants-web/vendor/laravel/framework/src/Illuminate/Foundation/Http/Middleware/ConvertEmptyStringsToNull.php(31): Illuminate\\Foundation\\Http\\Middleware\\TransformsRequest->handle()
#88 /home/kahfi/plants-web/vendor/laravel/framework/src/Illuminate/Pipeline/Pipeline.php(180): Illuminate\\Foundation\\Http\\Middleware\\ConvertEmptyStringsToNull->handle()
#89 /home/kahfi/plants-web/vendor/laravel/framework/src/Illuminate/Foundation/Http/Middleware/TransformsRequest.php(21): Illuminate\\Pipeline\\Pipeline->Illuminate\\Pipeline\\{closure}()
#90 /home/kahfi/plants-web/vendor/laravel/framework/src/Illuminate/Foundation/Http/Middleware/TrimStrings.php(40): Illuminate\\Foundation\\Http\\Middleware\\TransformsRequest->handle()
#91 /home/kahfi/plants-web/vendor/laravel/framework/src/Illuminate/Pipeline/Pipeline.php(180): Illuminate\\Foundation\\Http\\Middleware\\TrimStrings->handle()
#92 /home/kahfi/plants-web/vendor/laravel/framework/src/Illuminate/Foundation/Http/Middleware/ValidatePostSize.php(27): Illuminate\\Pipeline\\Pipeline->Illuminate\\Pipeline\\{closure}()
#93 /home/kahfi/plants-web/vendor/laravel/framework/src/Illuminate/Pipeline/Pipeline.php(180): Illuminate\\Foundation\\Http\\Middleware\\ValidatePostSize->handle()
#94 /home/kahfi/plants-web/vendor/laravel/framework/src/Illuminate/Foundation/Http/Middleware/PreventRequestsDuringMaintenance.php(99): Illuminate\\Pipeline\\Pipeline->Illuminate\\Pipeline\\{closure}()
#95 /home/kahfi/plants-web/vendor/laravel/framework/src/Illuminate/Pipeline/Pipeline.php(180): Illuminate\\Foundation\\Http\\Middleware\\PreventRequestsDuringMaintenance->handle()
#96 /home/kahfi/plants-web/vendor/laravel/framework/src/Illuminate/Http/Middleware/HandleCors.php(49): Illuminate\\Pipeline\\Pipeline->Illuminate\\Pipeline\\{closure}()
#97 /home/kahfi/plants-web/vendor/laravel/framework/src/Illuminate/Pipeline/Pipeline.php(180): Illuminate\\Http\\Middleware\\HandleCors->handle()
#98 /home/kahfi/plants-web/vendor/laravel/framework/src/Illuminate/Http/Middleware/TrustProxies.php(39): Illuminate\\Pipeline\\Pipeline->Illuminate\\Pipeline\\{closure}()
#99 /home/kahfi/plants-web/vendor/laravel/framework/src/Illuminate/Pipeline/Pipeline.php(180): Illuminate\\Http\\Middleware\\TrustProxies->handle()
#100 /home/kahfi/plants-web/vendor/laravel/framework/src/Illuminate/Pipeline/Pipeline.php(116): Illuminate\\Pipeline\\Pipeline->Illuminate\\Pipeline\\{closure}()
#101 /home/kahfi/plants-web/vendor/laravel/framework/src/Illuminate/Foundation/Http/Kernel.php(175): Illuminate\\Pipeline\\Pipeline->then()
#102 /home/kahfi/plants-web/vendor/laravel/framework/src/Illuminate/Foundation/Http/Kernel.php(144): Illuminate\\Foundation\\Http\\Kernel->sendRequestThroughRouter()
#103 /home/kahfi/plants-web/public/index.php(51): Illuminate\\Foundation\\Http\\Kernel->handle()
#104 /home/kahfi/plants-web/vendor/laravel/framework/src/Illuminate/Foundation/resources/server.php(16): require_once('...')
#105 {main}
"} 
[2023-10-29 09:08:01] local.ERROR: number_format(): Argument #2 ($decimals) must be of type int, string given {"view":{"view":"/home/kahfi/plants-web/vendor/filament/tables/resources/views/columns/text-column.blade.php","data":[]},"userId":1,"exception":"[object] (Spatie\\LaravelIgnition\\Exceptions\\ViewException(code: 0): number_format(): Argument #2 ($decimals) must be of type int, string given at /home/kahfi/plants-web/app/Filament/Resources/ProductResource.php:60)
[stacktrace]
#0 /home/kahfi/plants-web/app/Filament/Resources/ProductResource.php(60): number_format()
#1 /home/kahfi/plants-web/vendor/filament/support/src/Concerns/EvaluatesClosures.php(35): App\\Filament\\Resources\\ProductResource::App\\Filament\\Resources\\{closure}()
#2 /home/kahfi/plants-web/vendor/filament/tables/src/Columns/Concerns/CanFormatState.php(112): Filament\\Support\\Components\\Component->evaluate()
#3 /home/kahfi/plants-web/vendor/filament/support/src/Concerns/EvaluatesClosures.php(35): Filament\\Tables\\Columns\\TextColumn::Filament\\Tables\\Columns\\Concerns\\{closure}()
#4 /home/kahfi/plants-web/vendor/filament/tables/src/Columns/Concerns/CanFormatState.php(216): Filament\\Support\\Components\\Component->evaluate()
#5 /home/kahfi/plants-web/vendor/filament/tables/resources/views/columns/text-column.blade.php(72): Filament\\Tables\\Columns\\TextColumn->formatState()
#6 /home/kahfi/plants-web/vendor/livewire/livewire/src/Mechanisms/ExtendBlade/ExtendedCompilerEngine.php(37): include('...')
#7 /home/kahfi/plants-web/vendor/livewire/livewire/src/Mechanisms/ExtendBlade/ExtendedCompilerEngine.php(38): App\\Filament\\Resources\\ProductResource\\Pages\\ListProducts->Livewire\\Mechanisms\\ExtendBlade\\{closure}()
#8 /home/kahfi/plants-web/vendor/laravel/framework/src/Illuminate/View/Engines/CompilerEngine.php(72): Livewire\\Mechanisms\\ExtendBlade\\ExtendedCompilerEngine->evaluatePath()
#9 /home/kahfi/plants-web/vendor/livewire/livewire/src/Mechanisms/ExtendBlade/ExtendedCompilerEngine.php(16): Illuminate\\View\\Engines\\CompilerEngine->get()
#10 /home/kahfi/plants-web/vendor/laravel/framework/src/Illuminate/View/View.php(195): Livewire\\Mechanisms\\ExtendBlade\\ExtendedCompilerEngine->get()
#11 /home/kahfi/plants-web/vendor/laravel/framework/src/Illuminate/View/View.php(178): Illuminate\\View\\View->getContents()
#12 /home/kahfi/plants-web/vendor/laravel/framework/src/Illuminate/View/View.php(147): Illuminate\\View\\View->renderContents()
#13 /home/kahfi/plants-web/vendor/filament/support/src/Components/ViewComponent.php(128): Illuminate\\View\\View->render()
#14 /home/kahfi/plants-web/vendor/laravel/framework/src/Illuminate/Support/helpers.php(117): Filament\\Support\\Components\\ViewComponent->toHtml()
#15 /home/kahfi/plants-web/vendor/filament/tables/resources/views/components/columns/column.blade.php(49): e()
#16 /home/kahfi/plants-web/vendor/livewire/livewire/src/Mechanisms/ExtendBlade/ExtendedCompilerEngine.php(37): include('...')
#17 /home/kahfi/plants-web/vendor/livewire/livewire/src/Mechanisms/ExtendBlade/ExtendedCompilerEngine.php(38): App\\Filament\\Resources\\ProductResource\\Pages\\ListProducts->Livewire\\Mechanisms\\ExtendBlade\\{closure}()
#18 /home/kahfi/plants-web/vendor/laravel/framework/src/Illuminate/View/Engines/CompilerEngine.php(72): Livewire\\Mechanisms\\ExtendBlade\\ExtendedCompilerEngine->evaluatePath()
#19 /home/kahfi/plants-web/vendor/livewire/livewire/src/Mechanisms/ExtendBlade/ExtendedCompilerEngine.php(16): Illuminate\\View\\Engines\\CompilerEngine->get()
#20 /home/kahfi/plants-web/vendor/laravel/framework/src/Illuminate/View/View.php(195): Livewire\\Mechanisms\\ExtendBlade\\ExtendedCompilerEngine->get()
#21 /home/kahfi/plants-web/vendor/laravel/framework/src/Illuminate/View/View.php(178): Illuminate\\View\\View->getContents()
#22 /home/kahfi/plants-web/vendor/laravel/framework/src/Illuminate/View/View.php(147): Illuminate\\View\\View->renderContents()
#23 /home/kahfi/plants-web/vendor/laravel/framework/src/Illuminate/View/Concerns/ManagesComponents.php(103): Illuminate\\View\\View->render()
#24 /home/kahfi/plants-web/vendor/filament/tables/resources/views/index.blade.php(1040): Illuminate\\View\\Factory->renderComponent()
#25 /home/kahfi/plants-web/vendor/livewire/livewire/src/Mechanisms/ExtendBlade/ExtendedCompilerEngine.php(37): include('...')
#26 /home/kahfi/plants-web/vendor/livewire/livewire/src/Mechanisms/ExtendBlade/ExtendedCompilerEngine.php(38): App\\Filament\\Resources\\ProductResource\\Pages\\ListProducts->Livewire\\Mechanisms\\ExtendBlade\\{closure}()
#27 /home/kahfi/plants-web/vendor/laravel/framework/src/Illuminate/View/Engines/CompilerEngine.php(72): Livewire\\Mechanisms\\ExtendBlade\\ExtendedCompilerEngine->evaluatePath()
#28 /home/kahfi/plants-web/vendor/livewire/livewire/src/Mechanisms/ExtendBlade/ExtendedCompilerEngine.php(16): Illuminate\\View\\Engines\\CompilerEngine->get()
#29 /home/kahfi/plants-web/vendor/laravel/framework/src/Illuminate/View/View.php(195): Livewire\\Mechanisms\\ExtendBlade\\ExtendedCompilerEngine->get()
#30 /home/kahfi/plants-web/vendor/laravel/framework/src/Illuminate/View/View.php(178): Illuminate\\View\\View->getContents()
#31 /home/kahfi/plants-web/vendor/laravel/framework/src/Illuminate/View/View.php(147): Illuminate\\View\\View->renderContents()
#32 /home/kahfi/plants-web/vendor/filament/support/src/Components/ViewComponent.php(128): Illuminate\\View\\View->render()
#33 /home/kahfi/plants-web/vendor/laravel/framework/src/Illuminate/Support/helpers.php(117): Filament\\Support\\Components\\ViewComponent->toHtml()
#34 /home/kahfi/plants-web/vendor/filament/filament/resources/views/resources/pages/list-records.blade.php(14): e()
#35 /home/kahfi/plants-web/vendor/livewire/livewire/src/Mechanisms/ExtendBlade/ExtendedCompilerEngine.php(37): include('...')
#36 /home/kahfi/plants-web/vendor/livewire/livewire/src/Mechanisms/ExtendBlade/ExtendedCompilerEngine.php(38): App\\Filament\\Resources\\ProductResource\\Pages\\ListProducts->Livewire\\Mechanisms\\ExtendBlade\\{closure}()
#37 /home/kahfi/plants-web/vendor/laravel/framework/src/Illuminate/View/Engines/CompilerEngine.php(72): Livewire\\Mechanisms\\ExtendBlade\\ExtendedCompilerEngine->evaluatePath()
#38 /home/kahfi/plants-web/vendor/livewire/livewire/src/Mechanisms/ExtendBlade/ExtendedCompilerEngine.php(16): Illuminate\\View\\Engines\\CompilerEngine->get()
#39 /home/kahfi/plants-web/vendor/laravel/framework/src/Illuminate/View/View.php(195): Livewire\\Mechanisms\\ExtendBlade\\ExtendedCompilerEngine->get()
#40 /home/kahfi/plants-web/vendor/laravel/framework/src/Illuminate/View/View.php(178): Illuminate\\View\\View->getContents()
#41 /home/kahfi/plants-web/vendor/laravel/framework/src/Illuminate/View/View.php(147): Illuminate\\View\\View->renderContents()
#42 /home/kahfi/plants-web/vendor/livewire/livewire/src/Mechanisms/HandleComponents/HandleComponents.php(245): Illuminate\\View\\View->render()
#43 /home/kahfi/plants-web/vendor/livewire/livewire/src/Mechanisms/HandleComponents/HandleComponents.php(289): Livewire\\Mechanisms\\HandleComponents\\HandleComponents->Livewire\\Mechanisms\\HandleComponents\\{closure}()
#44 /home/kahfi/plants-web/vendor/livewire/livewire/src/Mechanisms/HandleComponents/HandleComponents.php(235): Livewire\\Mechanisms\\HandleComponents\\HandleComponents->trackInRenderStack()
#45 /home/kahfi/plants-web/vendor/livewire/livewire/src/Mechanisms/HandleComponents/HandleComponents.php(61): Livewire\\Mechanisms\\HandleComponents\\HandleComponents->render()
#46 /home/kahfi/plants-web/vendor/livewire/livewire/src/LivewireManager.php(72): Livewire\\Mechanisms\\HandleComponents\\HandleComponents->mount()
#47 /home/kahfi/plants-web/vendor/livewire/livewire/src/Features/SupportPageComponents/HandlesPageComponents.php(17): Livewire\\LivewireManager->mount()
#48 /home/kahfi/plants-web/vendor/livewire/livewire/src/Features/SupportPageComponents/SupportPageComponents.php(115): Livewire\\Component->Livewire\\Features\\SupportPageComponents\\{closure}()
#49 /home/kahfi/plants-web/vendor/livewire/livewire/src/Features/SupportPageComponents/HandlesPageComponents.php(14): Livewire\\Features\\SupportPageComponents\\SupportPageComponents::interceptTheRenderOfTheComponentAndRetreiveTheLayoutConfiguration()
#50 /home/kahfi/plants-web/vendor/laravel/framework/src/Illuminate/Routing/ControllerDispatcher.php(46): Livewire\\Component->__invoke()
#51 /home/kahfi/plants-web/vendor/laravel/framework/src/Illuminate/Routing/Route.php(259): Illuminate\\Routing\\ControllerDispatcher->dispatch()
#52 /home/kahfi/plants-web/vendor/laravel/framework/src/Illuminate/Routing/Route.php(205): Illuminate\\Routing\\Route->runController()
#53 /home/kahfi/plants-web/vendor/laravel/framework/src/Illuminate/Routing/Router.php(799): Illuminate\\Routing\\Route->run()
#54 /home/kahfi/plants-web/vendor/laravel/framework/src/Illuminate/Pipeline/Pipeline.php(141): Illuminate\\Routing\\Router->Illuminate\\Routing\\{closure}()
#55 /home/kahfi/plants-web/vendor/filament/filament/src/Http/Middleware/DispatchServingFilamentEvent.php(15): Illuminate\\Pipeline\\Pipeline->Illuminate\\Pipeline\\{closure}()
#56 /home/kahfi/plants-web/vendor/laravel/framework/src/Illuminate/Pipeline/Pipeline.php(180): Filament\\Http\\Middleware\\DispatchServingFilamentEvent->handle()
#57 /home/kahfi/plants-web/vendor/filament/filament/src/Http/Middleware/DisableBladeIconComponents.php(14): Illuminate\\Pipeline\\Pipeline->Illuminate\\Pipeline\\{closure}()
#58 /home/kahfi/plants-web/vendor/laravel/framework/src/Illuminate/Pipeline/Pipeline.php(180): Filament\\Http\\Middleware\\DisableBladeIconComponents->handle()
#59 /home/kahfi/plants-web/vendor/laravel/framework/src/Illuminate/Routing/Middleware/SubstituteBindings.php(50): Illuminate\\Pipeline\\Pipeline->Illuminate\\Pipeline\\{closure}()
#60 /home/kahfi/plants-web/vendor/laravel/framework/src/Illuminate/Pipeline/Pipeline.php(180): Illuminate\\Routing\\Middleware\\SubstituteBindings->handle()
#61 /home/kahfi/plants-web/vendor/laravel/framework/src/Illuminate/Foundation/Http/Middleware/VerifyCsrfToken.php(78): Illuminate\\Pipeline\\Pipeline->Illuminate\\Pipeline\\{closure}()
#62 /home/kahfi/plants-web/vendor/laravel/framework/src/Illuminate/Pipeline/Pipeline.php(180): Illuminate\\Foundation\\Http\\Middleware\\VerifyCsrfToken->handle()
#63 /home/kahfi/plants-web/vendor/laravel/framework/src/Illuminate/Session/Middleware/AuthenticateSession.php(60): Illuminate\\Pipeline\\Pipeline->Illuminate\\Pipeline\\{closure}()
#64 /home/kahfi/plants-web/vendor/laravel/framework/src/Illuminate/Pipeline/Pipeline.php(180): Illuminate\\Session\\Middleware\\AuthenticateSession->handle()
#65 /home/kahfi/plants-web/vendor/laravel/framework/src/Illuminate/Auth/Middleware/Authenticate.php(57): Illuminate\\Pipeline\\Pipeline->Illuminate\\Pipeline\\{closure}()
#66 /home/kahfi/plants-web/vendor/laravel/framework/src/Illuminate/Pipeline/Pipeline.php(180): Illuminate\\Auth\\Middleware\\Authenticate->handle()
#67 /home/kahfi/plants-web/vendor/laravel/framework/src/Illuminate/View/Middleware/ShareErrorsFromSession.php(49): Illuminate\\Pipeline\\Pipeline->Illuminate\\Pipeline\\{closure}()
#68 /home/kahfi/plants-web/vendor/laravel/framework/src/Illuminate/Pipeline/Pipeline.php(180): Illuminate\\View\\Middleware\\ShareErrorsFromSession->handle()
#69 /home/kahfi/plants-web/vendor/laravel/framework/src/Illuminate/Session/Middleware/StartSession.php(121): Illuminate\\Pipeline\\Pipeline->Illuminate\\Pipeline\\{closure}()
#70 /home/kahfi/plants-web/vendor/laravel/framework/src/Illuminate/Session/Middleware/StartSession.php(64): Illuminate\\Session\\Middleware\\StartSession->handleStatefulRequest()
#71 /home/kahfi/plants-web/vendor/laravel/framework/src/Illuminate/Pipeline/Pipeline.php(180): Illuminate\\Session\\Middleware\\StartSession->handle()
#72 /home/kahfi/plants-web/vendor/laravel/framework/src/Illuminate/Cookie/Middleware/AddQueuedCookiesToResponse.php(37): Illuminate\\Pipeline\\Pipeline->Illuminate\\Pipeline\\{closure}()
#73 /home/kahfi/plants-web/vendor/laravel/framework/src/Illuminate/Pipeline/Pipeline.php(180): Illuminate\\Cookie\\Middleware\\AddQueuedCookiesToResponse->handle()
#74 /home/kahfi/plants-web/vendor/laravel/framework/src/Illuminate/Cookie/Middleware/EncryptCookies.php(67): Illuminate\\Pipeline\\Pipeline->Illuminate\\Pipeline\\{closure}()
#75 /home/kahfi/plants-web/vendor/laravel/framework/src/Illuminate/Pipeline/Pipeline.php(180): Illuminate\\Cookie\\Middleware\\EncryptCookies->handle()
#76 /home/kahfi/plants-web/vendor/filament/filament/src/Http/Middleware/SetUpPanel.php(19): Illuminate\\Pipeline\\Pipeline->Illuminate\\Pipeline\\{closure}()
#77 /home/kahfi/plants-web/vendor/laravel/framework/src/Illuminate/Pipeline/Pipeline.php(180): Filament\\Http\\Middleware\\SetUpPanel->handle()
#78 /home/kahfi/plants-web/vendor/laravel/framework/src/Illuminate/Pipeline/Pipeline.php(116): Illuminate\\Pipeline\\Pipeline->Illuminate\\Pipeline\\{closure}()
#79 /home/kahfi/plants-web/vendor/laravel/framework/src/Illuminate/Routing/Router.php(798): Illuminate\\Pipeline\\Pipeline->then()
#80 /home/kahfi/plants-web/vendor/laravel/framework/src/Illuminate/Routing/Router.php(777): Illuminate\\Routing\\Router->runRouteWithinStack()
#81 /home/kahfi/plants-web/vendor/laravel/framework/src/Illuminate/Routing/Router.php(741): Illuminate\\Routing\\Router->runRoute()
#82 /home/kahfi/plants-web/vendor/laravel/framework/src/Illuminate/Routing/Router.php(730): Illuminate\\Routing\\Router->dispatchToRoute()
#83 /home/kahfi/plants-web/vendor/laravel/framework/src/Illuminate/Foundation/Http/Kernel.php(200): Illuminate\\Routing\\Router->dispatch()
#84 /home/kahfi/plants-web/vendor/laravel/framework/src/Illuminate/Pipeline/Pipeline.php(141): Illuminate\\Foundation\\Http\\Kernel->Illuminate\\Foundation\\Http\\{closure}()
#85 /home/kahfi/plants-web/vendor/livewire/livewire/src/Features/SupportDisablingBackButtonCache/DisableBackButtonCacheMiddleware.php(19): Illuminate\\Pipeline\\Pipeline->Illuminate\\Pipeline\\{closure}()
#86 /home/kahfi/plants-web/vendor/laravel/framework/src/Illuminate/Pipeline/Pipeline.php(180): Livewire\\Features\\SupportDisablingBackButtonCache\\DisableBackButtonCacheMiddleware->handle()
#87 /home/kahfi/plants-web/vendor/laravel/framework/src/Illuminate/Foundation/Http/Middleware/TransformsRequest.php(21): Illuminate\\Pipeline\\Pipeline->Illuminate\\Pipeline\\{closure}()
#88 /home/kahfi/plants-web/vendor/laravel/framework/src/Illuminate/Foundation/Http/Middleware/ConvertEmptyStringsToNull.php(31): Illuminate\\Foundation\\Http\\Middleware\\TransformsRequest->handle()
#89 /home/kahfi/plants-web/vendor/laravel/framework/src/Illuminate/Pipeline/Pipeline.php(180): Illuminate\\Foundation\\Http\\Middleware\\ConvertEmptyStringsToNull->handle()
#90 /home/kahfi/plants-web/vendor/laravel/framework/src/Illuminate/Foundation/Http/Middleware/TransformsRequest.php(21): Illuminate\\Pipeline\\Pipeline->Illuminate\\Pipeline\\{closure}()
#91 /home/kahfi/plants-web/vendor/laravel/framework/src/Illuminate/Foundation/Http/Middleware/TrimStrings.php(40): Illuminate\\Foundation\\Http\\Middleware\\TransformsRequest->handle()
#92 /home/kahfi/plants-web/vendor/laravel/framework/src/Illuminate/Pipeline/Pipeline.php(180): Illuminate\\Foundation\\Http\\Middleware\\TrimStrings->handle()
#93 /home/kahfi/plants-web/vendor/laravel/framework/src/Illuminate/Foundation/Http/Middleware/ValidatePostSize.php(27): Illuminate\\Pipeline\\Pipeline->Illuminate\\Pipeline\\{closure}()
#94 /home/kahfi/plants-web/vendor/laravel/framework/src/Illuminate/Pipeline/Pipeline.php(180): Illuminate\\Foundation\\Http\\Middleware\\ValidatePostSize->handle()
#95 /home/kahfi/plants-web/vendor/laravel/framework/src/Illuminate/Foundation/Http/Middleware/PreventRequestsDuringMaintenance.php(99): Illuminate\\Pipeline\\Pipeline->Illuminate\\Pipeline\\{closure}()
#96 /home/kahfi/plants-web/vendor/laravel/framework/src/Illuminate/Pipeline/Pipeline.php(180): Illuminate\\Foundation\\Http\\Middleware\\PreventRequestsDuringMaintenance->handle()
#97 /home/kahfi/plants-web/vendor/laravel/framework/src/Illuminate/Http/Middleware/HandleCors.php(49): Illuminate\\Pipeline\\Pipeline->Illuminate\\Pipeline\\{closure}()
#98 /home/kahfi/plants-web/vendor/laravel/framework/src/Illuminate/Pipeline/Pipeline.php(180): Illuminate\\Http\\Middleware\\HandleCors->handle()
#99 /home/kahfi/plants-web/vendor/laravel/framework/src/Illuminate/Http/Middleware/TrustProxies.php(39): Illuminate\\Pipeline\\Pipeline->Illuminate\\Pipeline\\{closure}()
#100 /home/kahfi/plants-web/vendor/laravel/framework/src/Illuminate/Pipeline/Pipeline.php(180): Illuminate\\Http\\Middleware\\TrustProxies->handle()
#101 /home/kahfi/plants-web/vendor/laravel/framework/src/Illuminate/Pipeline/Pipeline.php(116): Illuminate\\Pipeline\\Pipeline->Illuminate\\Pipeline\\{closure}()
#102 /home/kahfi/plants-web/vendor/laravel/framework/src/Illuminate/Foundation/Http/Kernel.php(175): Illuminate\\Pipeline\\Pipeline->then()
#103 /home/kahfi/plants-web/vendor/laravel/framework/src/Illuminate/Foundation/Http/Kernel.php(144): Illuminate\\Foundation\\Http\\Kernel->sendRequestThroughRouter()
#104 /home/kahfi/plants-web/public/index.php(51): Illuminate\\Foundation\\Http\\Kernel->handle()
#105 /home/kahfi/plants-web/vendor/laravel/framework/src/Illuminate/Foundation/resources/server.php(16): require_once('...')
#106 {main}

[previous exception] [object] (TypeError(code: 0): number_format(): Argument #2 ($decimals) must be of type int, string given at /home/kahfi/plants-web/app/Filament/Resources/ProductResource.php:60)
[stacktrace]
#0 /home/kahfi/plants-web/app/Filament/Resources/ProductResource.php(60): number_format()
#1 /home/kahfi/plants-web/vendor/filament/support/src/Concerns/EvaluatesClosures.php(35): App\\Filament\\Resources\\ProductResource::App\\Filament\\Resources\\{closure}()
#2 /home/kahfi/plants-web/vendor/filament/tables/src/Columns/Concerns/CanFormatState.php(112): Filament\\Support\\Components\\Component->evaluate()
#3 /home/kahfi/plants-web/vendor/filament/support/src/Concerns/EvaluatesClosures.php(35): Filament\\Tables\\Columns\\TextColumn::Filament\\Tables\\Columns\\Concerns\\{closure}()
#4 /home/kahfi/plants-web/vendor/filament/tables/src/Columns/Concerns/CanFormatState.php(216): Filament\\Support\\Components\\Component->evaluate()
#5 /home/kahfi/plants-web/storage/framework/views/6238edfcc768fcb77142703bf5a9c8b1.php(73): Filament\\Tables\\Columns\\TextColumn->formatState()
#6 /home/kahfi/plants-web/vendor/livewire/livewire/src/Mechanisms/ExtendBlade/ExtendedCompilerEngine.php(37): include('...')
#7 /home/kahfi/plants-web/vendor/livewire/livewire/src/Mechanisms/ExtendBlade/ExtendedCompilerEngine.php(38): App\\Filament\\Resources\\ProductResource\\Pages\\ListProducts->Livewire\\Mechanisms\\ExtendBlade\\{closure}()
#8 /home/kahfi/plants-web/vendor/laravel/framework/src/Illuminate/View/Engines/CompilerEngine.php(72): Livewire\\Mechanisms\\ExtendBlade\\ExtendedCompilerEngine->evaluatePath()
#9 /home/kahfi/plants-web/vendor/livewire/livewire/src/Mechanisms/ExtendBlade/ExtendedCompilerEngine.php(16): Illuminate\\View\\Engines\\CompilerEngine->get()
#10 /home/kahfi/plants-web/vendor/laravel/framework/src/Illuminate/View/View.php(195): Livewire\\Mechanisms\\ExtendBlade\\ExtendedCompilerEngine->get()
#11 /home/kahfi/plants-web/vendor/laravel/framework/src/Illuminate/View/View.php(178): Illuminate\\View\\View->getContents()
#12 /home/kahfi/plants-web/vendor/laravel/framework/src/Illuminate/View/View.php(147): Illuminate\\View\\View->renderContents()
#13 /home/kahfi/plants-web/vendor/filament/support/src/Components/ViewComponent.php(128): Illuminate\\View\\View->render()
#14 /home/kahfi/plants-web/vendor/laravel/framework/src/Illuminate/Support/helpers.php(117): Filament\\Support\\Components\\ViewComponent->toHtml()
#15 /home/kahfi/plants-web/storage/framework/views/3bb407892ed8ab5538d8735c948065b5.php(77): e()
#16 /home/kahfi/plants-web/vendor/livewire/livewire/src/Mechanisms/ExtendBlade/ExtendedCompilerEngine.php(37): include('...')
#17 /home/kahfi/plants-web/vendor/livewire/livewire/src/Mechanisms/ExtendBlade/ExtendedCompilerEngine.php(38): App\\Filament\\Resources\\ProductResource\\Pages\\ListProducts->Livewire\\Mechanisms\\ExtendBlade\\{closure}()
#18 /home/kahfi/plants-web/vendor/laravel/framework/src/Illuminate/View/Engines/CompilerEngine.php(72): Livewire\\Mechanisms\\ExtendBlade\\ExtendedCompilerEngine->evaluatePath()
#19 /home/kahfi/plants-web/vendor/livewire/livewire/src/Mechanisms/ExtendBlade/ExtendedCompilerEngine.php(16): Illuminate\\View\\Engines\\CompilerEngine->get()
#20 /home/kahfi/plants-web/vendor/laravel/framework/src/Illuminate/View/View.php(195): Livewire\\Mechanisms\\ExtendBlade\\ExtendedCompilerEngine->get()
#21 /home/kahfi/plants-web/vendor/laravel/framework/src/Illuminate/View/View.php(178): Illuminate\\View\\View->getContents()
#22 /home/kahfi/plants-web/vendor/laravel/framework/src/Illuminate/View/View.php(147): Illuminate\\View\\View->renderContents()
#23 /home/kahfi/plants-web/vendor/laravel/framework/src/Illuminate/View/Concerns/ManagesComponents.php(103): Illuminate\\View\\View->render()
#24 /home/kahfi/plants-web/storage/framework/views/f1b0cd4665019cbc24c5ce2059bb8867.php(1749): Illuminate\\View\\Factory->renderComponent()
#25 /home/kahfi/plants-web/vendor/livewire/livewire/src/Mechanisms/ExtendBlade/ExtendedCompilerEngine.php(37): include('...')
#26 /home/kahfi/plants-web/vendor/livewire/livewire/src/Mechanisms/ExtendBlade/ExtendedCompilerEngine.php(38): App\\Filament\\Resources\\ProductResource\\Pages\\ListProducts->Livewire\\Mechanisms\\ExtendBlade\\{closure}()
#27 /home/kahfi/plants-web/vendor/laravel/framework/src/Illuminate/View/Engines/CompilerEngine.php(72): Livewire\\Mechanisms\\ExtendBlade\\ExtendedCompilerEngine->evaluatePath()
#28 /home/kahfi/plants-web/vendor/livewire/livewire/src/Mechanisms/ExtendBlade/ExtendedCompilerEngine.php(16): Illuminate\\View\\Engines\\CompilerEngine->get()
#29 /home/kahfi/plants-web/vendor/laravel/framework/src/Illuminate/View/View.php(195): Livewire\\Mechanisms\\ExtendBlade\\ExtendedCompilerEngine->get()
#30 /home/kahfi/plants-web/vendor/laravel/framework/src/Illuminate/View/View.php(178): Illuminate\\View\\View->getContents()
#31 /home/kahfi/plants-web/vendor/laravel/framework/src/Illuminate/View/View.php(147): Illuminate\\View\\View->renderContents()
#32 /home/kahfi/plants-web/vendor/filament/support/src/Components/ViewComponent.php(128): Illuminate\\View\\View->render()
#33 /home/kahfi/plants-web/vendor/laravel/framework/src/Illuminate/Support/helpers.php(117): Filament\\Support\\Components\\ViewComponent->toHtml()
#34 /home/kahfi/plants-web/storage/framework/views/37f2764ce1c9e0d8859d79064974f993.php(36): e()
#35 /home/kahfi/plants-web/vendor/livewire/livewire/src/Mechanisms/ExtendBlade/ExtendedCompilerEngine.php(37): include('...')
#36 /home/kahfi/plants-web/vendor/livewire/livewire/src/Mechanisms/ExtendBlade/ExtendedCompilerEngine.php(38): App\\Filament\\Resources\\ProductResource\\Pages\\ListProducts->Livewire\\Mechanisms\\ExtendBlade\\{closure}()
#37 /home/kahfi/plants-web/vendor/laravel/framework/src/Illuminate/View/Engines/CompilerEngine.php(72): Livewire\\Mechanisms\\ExtendBlade\\ExtendedCompilerEngine->evaluatePath()
#38 /home/kahfi/plants-web/vendor/livewire/livewire/src/Mechanisms/ExtendBlade/ExtendedCompilerEngine.php(16): Illuminate\\View\\Engines\\CompilerEngine->get()
#39 /home/kahfi/plants-web/vendor/laravel/framework/src/Illuminate/View/View.php(195): Livewire\\Mechanisms\\ExtendBlade\\ExtendedCompilerEngine->get()
#40 /home/kahfi/plants-web/vendor/laravel/framework/src/Illuminate/View/View.php(178): Illuminate\\View\\View->getContents()
#41 /home/kahfi/plants-web/vendor/laravel/framework/src/Illuminate/View/View.php(147): Illuminate\\View\\View->renderContents()
#42 /home/kahfi/plants-web/vendor/livewire/livewire/src/Mechanisms/HandleComponents/HandleComponents.php(245): Illuminate\\View\\View->render()
#43 /home/kahfi/plants-web/vendor/livewire/livewire/src/Mechanisms/HandleComponents/HandleComponents.php(289): Livewire\\Mechanisms\\HandleComponents\\HandleComponents->Livewire\\Mechanisms\\HandleComponents\\{closure}()
#44 /home/kahfi/plants-web/vendor/livewire/livewire/src/Mechanisms/HandleComponents/HandleComponents.php(235): Livewire\\Mechanisms\\HandleComponents\\HandleComponents->trackInRenderStack()
#45 /home/kahfi/plants-web/vendor/livewire/livewire/src/Mechanisms/HandleComponents/HandleComponents.php(61): Livewire\\Mechanisms\\HandleComponents\\HandleComponents->render()
#46 /home/kahfi/plants-web/vendor/livewire/livewire/src/LivewireManager.php(72): Livewire\\Mechanisms\\HandleComponents\\HandleComponents->mount()
#47 /home/kahfi/plants-web/vendor/livewire/livewire/src/Features/SupportPageComponents/HandlesPageComponents.php(17): Livewire\\LivewireManager->mount()
#48 /home/kahfi/plants-web/vendor/livewire/livewire/src/Features/SupportPageComponents/SupportPageComponents.php(115): Livewire\\Component->Livewire\\Features\\SupportPageComponents\\{closure}()
#49 /home/kahfi/plants-web/vendor/livewire/livewire/src/Features/SupportPageComponents/HandlesPageComponents.php(14): Livewire\\Features\\SupportPageComponents\\SupportPageComponents::interceptTheRenderOfTheComponentAndRetreiveTheLayoutConfiguration()
#50 /home/kahfi/plants-web/vendor/laravel/framework/src/Illuminate/Routing/ControllerDispatcher.php(46): Livewire\\Component->__invoke()
#51 /home/kahfi/plants-web/vendor/laravel/framework/src/Illuminate/Routing/Route.php(259): Illuminate\\Routing\\ControllerDispatcher->dispatch()
#52 /home/kahfi/plants-web/vendor/laravel/framework/src/Illuminate/Routing/Route.php(205): Illuminate\\Routing\\Route->runController()
#53 /home/kahfi/plants-web/vendor/laravel/framework/src/Illuminate/Routing/Router.php(799): Illuminate\\Routing\\Route->run()
#54 /home/kahfi/plants-web/vendor/laravel/framework/src/Illuminate/Pipeline/Pipeline.php(141): Illuminate\\Routing\\Router->Illuminate\\Routing\\{closure}()
#55 /home/kahfi/plants-web/vendor/filament/filament/src/Http/Middleware/DispatchServingFilamentEvent.php(15): Illuminate\\Pipeline\\Pipeline->Illuminate\\Pipeline\\{closure}()
#56 /home/kahfi/plants-web/vendor/laravel/framework/src/Illuminate/Pipeline/Pipeline.php(180): Filament\\Http\\Middleware\\DispatchServingFilamentEvent->handle()
#57 /home/kahfi/plants-web/vendor/filament/filament/src/Http/Middleware/DisableBladeIconComponents.php(14): Illuminate\\Pipeline\\Pipeline->Illuminate\\Pipeline\\{closure}()
#58 /home/kahfi/plants-web/vendor/laravel/framework/src/Illuminate/Pipeline/Pipeline.php(180): Filament\\Http\\Middleware\\DisableBladeIconComponents->handle()
#59 /home/kahfi/plants-web/vendor/laravel/framework/src/Illuminate/Routing/Middleware/SubstituteBindings.php(50): Illuminate\\Pipeline\\Pipeline->Illuminate\\Pipeline\\{closure}()
#60 /home/kahfi/plants-web/vendor/laravel/framework/src/Illuminate/Pipeline/Pipeline.php(180): Illuminate\\Routing\\Middleware\\SubstituteBindings->handle()
#61 /home/kahfi/plants-web/vendor/laravel/framework/src/Illuminate/Foundation/Http/Middleware/VerifyCsrfToken.php(78): Illuminate\\Pipeline\\Pipeline->Illuminate\\Pipeline\\{closure}()
#62 /home/kahfi/plants-web/vendor/laravel/framework/src/Illuminate/Pipeline/Pipeline.php(180): Illuminate\\Foundation\\Http\\Middleware\\VerifyCsrfToken->handle()
#63 /home/kahfi/plants-web/vendor/laravel/framework/src/Illuminate/Session/Middleware/AuthenticateSession.php(60): Illuminate\\Pipeline\\Pipeline->Illuminate\\Pipeline\\{closure}()
#64 /home/kahfi/plants-web/vendor/laravel/framework/src/Illuminate/Pipeline/Pipeline.php(180): Illuminate\\Session\\Middleware\\AuthenticateSession->handle()
#65 /home/kahfi/plants-web/vendor/laravel/framework/src/Illuminate/Auth/Middleware/Authenticate.php(57): Illuminate\\Pipeline\\Pipeline->Illuminate\\Pipeline\\{closure}()
#66 /home/kahfi/plants-web/vendor/laravel/framework/src/Illuminate/Pipeline/Pipeline.php(180): Illuminate\\Auth\\Middleware\\Authenticate->handle()
#67 /home/kahfi/plants-web/vendor/laravel/framework/src/Illuminate/View/Middleware/ShareErrorsFromSession.php(49): Illuminate\\Pipeline\\Pipeline->Illuminate\\Pipeline\\{closure}()
#68 /home/kahfi/plants-web/vendor/laravel/framework/src/Illuminate/Pipeline/Pipeline.php(180): Illuminate\\View\\Middleware\\ShareErrorsFromSession->handle()
#69 /home/kahfi/plants-web/vendor/laravel/framework/src/Illuminate/Session/Middleware/StartSession.php(121): Illuminate\\Pipeline\\Pipeline->Illuminate\\Pipeline\\{closure}()
#70 /home/kahfi/plants-web/vendor/laravel/framework/src/Illuminate/Session/Middleware/StartSession.php(64): Illuminate\\Session\\Middleware\\StartSession->handleStatefulRequest()
#71 /home/kahfi/plants-web/vendor/laravel/framework/src/Illuminate/Pipeline/Pipeline.php(180): Illuminate\\Session\\Middleware\\StartSession->handle()
#72 /home/kahfi/plants-web/vendor/laravel/framework/src/Illuminate/Cookie/Middleware/AddQueuedCookiesToResponse.php(37): Illuminate\\Pipeline\\Pipeline->Illuminate\\Pipeline\\{closure}()
#73 /home/kahfi/plants-web/vendor/laravel/framework/src/Illuminate/Pipeline/Pipeline.php(180): Illuminate\\Cookie\\Middleware\\AddQueuedCookiesToResponse->handle()
#74 /home/kahfi/plants-web/vendor/laravel/framework/src/Illuminate/Cookie/Middleware/EncryptCookies.php(67): Illuminate\\Pipeline\\Pipeline->Illuminate\\Pipeline\\{closure}()
#75 /home/kahfi/plants-web/vendor/laravel/framework/src/Illuminate/Pipeline/Pipeline.php(180): Illuminate\\Cookie\\Middleware\\EncryptCookies->handle()
#76 /home/kahfi/plants-web/vendor/filament/filament/src/Http/Middleware/SetUpPanel.php(19): Illuminate\\Pipeline\\Pipeline->Illuminate\\Pipeline\\{closure}()
#77 /home/kahfi/plants-web/vendor/laravel/framework/src/Illuminate/Pipeline/Pipeline.php(180): Filament\\Http\\Middleware\\SetUpPanel->handle()
#78 /home/kahfi/plants-web/vendor/laravel/framework/src/Illuminate/Pipeline/Pipeline.php(116): Illuminate\\Pipeline\\Pipeline->Illuminate\\Pipeline\\{closure}()
#79 /home/kahfi/plants-web/vendor/laravel/framework/src/Illuminate/Routing/Router.php(798): Illuminate\\Pipeline\\Pipeline->then()
#80 /home/kahfi/plants-web/vendor/laravel/framework/src/Illuminate/Routing/Router.php(777): Illuminate\\Routing\\Router->runRouteWithinStack()
#81 /home/kahfi/plants-web/vendor/laravel/framework/src/Illuminate/Routing/Router.php(741): Illuminate\\Routing\\Router->runRoute()
#82 /home/kahfi/plants-web/vendor/laravel/framework/src/Illuminate/Routing/Router.php(730): Illuminate\\Routing\\Router->dispatchToRoute()
#83 /home/kahfi/plants-web/vendor/laravel/framework/src/Illuminate/Foundation/Http/Kernel.php(200): Illuminate\\Routing\\Router->dispatch()
#84 /home/kahfi/plants-web/vendor/laravel/framework/src/Illuminate/Pipeline/Pipeline.php(141): Illuminate\\Foundation\\Http\\Kernel->Illuminate\\Foundation\\Http\\{closure}()
#85 /home/kahfi/plants-web/vendor/livewire/livewire/src/Features/SupportDisablingBackButtonCache/DisableBackButtonCacheMiddleware.php(19): Illuminate\\Pipeline\\Pipeline->Illuminate\\Pipeline\\{closure}()
#86 /home/kahfi/plants-web/vendor/laravel/framework/src/Illuminate/Pipeline/Pipeline.php(180): Livewire\\Features\\SupportDisablingBackButtonCache\\DisableBackButtonCacheMiddleware->handle()
#87 /home/kahfi/plants-web/vendor/laravel/framework/src/Illuminate/Foundation/Http/Middleware/TransformsRequest.php(21): Illuminate\\Pipeline\\Pipeline->Illuminate\\Pipeline\\{closure}()
#88 /home/kahfi/plants-web/vendor/laravel/framework/src/Illuminate/Foundation/Http/Middleware/ConvertEmptyStringsToNull.php(31): Illuminate\\Foundation\\Http\\Middleware\\TransformsRequest->handle()
#89 /home/kahfi/plants-web/vendor/laravel/framework/src/Illuminate/Pipeline/Pipeline.php(180): Illuminate\\Foundation\\Http\\Middleware\\ConvertEmptyStringsToNull->handle()
#90 /home/kahfi/plants-web/vendor/laravel/framework/src/Illuminate/Foundation/Http/Middleware/TransformsRequest.php(21): Illuminate\\Pipeline\\Pipeline->Illuminate\\Pipeline\\{closure}()
#91 /home/kahfi/plants-web/vendor/laravel/framework/src/Illuminate/Foundation/Http/Middleware/TrimStrings.php(40): Illuminate\\Foundation\\Http\\Middleware\\TransformsRequest->handle()
#92 /home/kahfi/plants-web/vendor/laravel/framework/src/Illuminate/Pipeline/Pipeline.php(180): Illuminate\\Foundation\\Http\\Middleware\\TrimStrings->handle()
#93 /home/kahfi/plants-web/vendor/laravel/framework/src/Illuminate/Foundation/Http/Middleware/ValidatePostSize.php(27): Illuminate\\Pipeline\\Pipeline->Illuminate\\Pipeline\\{closure}()
#94 /home/kahfi/plants-web/vendor/laravel/framework/src/Illuminate/Pipeline/Pipeline.php(180): Illuminate\\Foundation\\Http\\Middleware\\ValidatePostSize->handle()
#95 /home/kahfi/plants-web/vendor/laravel/framework/src/Illuminate/Foundation/Http/Middleware/PreventRequestsDuringMaintenance.php(99): Illuminate\\Pipeline\\Pipeline->Illuminate\\Pipeline\\{closure}()
#96 /home/kahfi/plants-web/vendor/laravel/framework/src/Illuminate/Pipeline/Pipeline.php(180): Illuminate\\Foundation\\Http\\Middleware\\PreventRequestsDuringMaintenance->handle()
#97 /home/kahfi/plants-web/vendor/laravel/framework/src/Illuminate/Http/Middleware/HandleCors.php(49): Illuminate\\Pipeline\\Pipeline->Illuminate\\Pipeline\\{closure}()
#98 /home/kahfi/plants-web/vendor/laravel/framework/src/Illuminate/Pipeline/Pipeline.php(180): Illuminate\\Http\\Middleware\\HandleCors->handle()
#99 /home/kahfi/plants-web/vendor/laravel/framework/src/Illuminate/Http/Middleware/TrustProxies.php(39): Illuminate\\Pipeline\\Pipeline->Illuminate\\Pipeline\\{closure}()
#100 /home/kahfi/plants-web/vendor/laravel/framework/src/Illuminate/Pipeline/Pipeline.php(180): Illuminate\\Http\\Middleware\\TrustProxies->handle()
#101 /home/kahfi/plants-web/vendor/laravel/framework/src/Illuminate/Pipeline/Pipeline.php(116): Illuminate\\Pipeline\\Pipeline->Illuminate\\Pipeline\\{closure}()
#102 /home/kahfi/plants-web/vendor/laravel/framework/src/Illuminate/Foundation/Http/Kernel.php(175): Illuminate\\Pipeline\\Pipeline->then()
#103 /home/kahfi/plants-web/vendor/laravel/framework/src/Illuminate/Foundation/Http/Kernel.php(144): Illuminate\\Foundation\\Http\\Kernel->sendRequestThroughRouter()
#104 /home/kahfi/plants-web/public/index.php(51): Illuminate\\Foundation\\Http\\Kernel->handle()
#105 /home/kahfi/plants-web/vendor/laravel/framework/src/Illuminate/Foundation/resources/server.php(16): require_once('...')
#106 {main}
"} 
[2023-10-29 09:10:47] local.ERROR: Class "App\Providers\Blade" not found {"exception":"[object] (Error(code: 0): Class \"App\\Providers\\Blade\" not found at /home/kahfi/plants-web/app/Providers/AppServiceProvider.php:22)
[stacktrace]
#0 /home/kahfi/plants-web/vendor/laravel/framework/src/Illuminate/Container/BoundMethod.php(36): App\\Providers\\AppServiceProvider->boot()
#1 /home/kahfi/plants-web/vendor/laravel/framework/src/Illuminate/Container/Util.php(41): Illuminate\\Container\\BoundMethod::Illuminate\\Container\\{closure}()
#2 /home/kahfi/plants-web/vendor/laravel/framework/src/Illuminate/Container/BoundMethod.php(93): Illuminate\\Container\\Util::unwrapIfClosure()
#3 /home/kahfi/plants-web/vendor/laravel/framework/src/Illuminate/Container/BoundMethod.php(35): Illuminate\\Container\\BoundMethod::callBoundMethod()
#4 /home/kahfi/plants-web/vendor/laravel/framework/src/Illuminate/Container/Container.php(662): Illuminate\\Container\\BoundMethod::call()
#5 /home/kahfi/plants-web/vendor/laravel/framework/src/Illuminate/Foundation/Application.php(1028): Illuminate\\Container\\Container->call()
#6 /home/kahfi/plants-web/vendor/laravel/framework/src/Illuminate/Foundation/Application.php(1009): Illuminate\\Foundation\\Application->bootProvider()
#7 [internal function]: Illuminate\\Foundation\\Application->Illuminate\\Foundation\\{closure}()
#8 /home/kahfi/plants-web/vendor/laravel/framework/src/Illuminate/Foundation/Application.php(1008): array_walk()
#9 /home/kahfi/plants-web/vendor/laravel/framework/src/Illuminate/Foundation/Bootstrap/BootProviders.php(17): Illuminate\\Foundation\\Application->boot()
#10 /home/kahfi/plants-web/vendor/laravel/framework/src/Illuminate/Foundation/Application.php(261): Illuminate\\Foundation\\Bootstrap\\BootProviders->bootstrap()
#11 /home/kahfi/plants-web/vendor/laravel/framework/src/Illuminate/Foundation/Console/Kernel.php(447): Illuminate\\Foundation\\Application->bootstrapWith()
#12 /home/kahfi/plants-web/vendor/laravel/framework/src/Illuminate/Foundation/Console/Kernel.php(199): Illuminate\\Foundation\\Console\\Kernel->bootstrap()
#13 Command line code(1): Illuminate\\Foundation\\Console\\Kernel->handle()
#14 {main}
"} 
[2023-10-29 09:10:47] local.ERROR: Class "App\Providers\Blade" not found {"exception":"[object] (Error(code: 0): Class \"App\\Providers\\Blade\" not found at /home/kahfi/plants-web/app/Providers/AppServiceProvider.php:22)
[stacktrace]
#0 /home/kahfi/plants-web/vendor/laravel/framework/src/Illuminate/Container/BoundMethod.php(36): App\\Providers\\AppServiceProvider->boot()
#1 /home/kahfi/plants-web/vendor/laravel/framework/src/Illuminate/Container/Util.php(41): Illuminate\\Container\\BoundMethod::Illuminate\\Container\\{closure}()
#2 /home/kahfi/plants-web/vendor/laravel/framework/src/Illuminate/Container/BoundMethod.php(93): Illuminate\\Container\\Util::unwrapIfClosure()
#3 /home/kahfi/plants-web/vendor/laravel/framework/src/Illuminate/Container/BoundMethod.php(35): Illuminate\\Container\\BoundMethod::callBoundMethod()
#4 /home/kahfi/plants-web/vendor/laravel/framework/src/Illuminate/Container/Container.php(662): Illuminate\\Container\\BoundMethod::call()
#5 /home/kahfi/plants-web/vendor/laravel/framework/src/Illuminate/Foundation/Application.php(1028): Illuminate\\Container\\Container->call()
#6 /home/kahfi/plants-web/vendor/laravel/framework/src/Illuminate/Foundation/Application.php(1009): Illuminate\\Foundation\\Application->bootProvider()
#7 [internal function]: Illuminate\\Foundation\\Application->Illuminate\\Foundation\\{closure}()
#8 /home/kahfi/plants-web/vendor/laravel/framework/src/Illuminate/Foundation/Application.php(1008): array_walk()
#9 /home/kahfi/plants-web/vendor/laravel/framework/src/Illuminate/Foundation/Bootstrap/BootProviders.php(17): Illuminate\\Foundation\\Application->boot()
#10 /home/kahfi/plants-web/vendor/laravel/framework/src/Illuminate/Foundation/Application.php(261): Illuminate\\Foundation\\Bootstrap\\BootProviders->bootstrap()
#11 /home/kahfi/plants-web/vendor/laravel/framework/src/Illuminate/Foundation/Console/Kernel.php(447): Illuminate\\Foundation\\Application->bootstrapWith()
#12 /home/kahfi/plants-web/vendor/laravel/framework/src/Illuminate/Foundation/Console/Kernel.php(199): Illuminate\\Foundation\\Console\\Kernel->bootstrap()
#13 Command line code(1): Illuminate\\Foundation\\Console\\Kernel->handle()
#14 {main}
"} 
